{
  "stats": {
    "suites": 12,
    "tests": 0,
    "passes": 0,
    "pending": 0,
    "failures": 0,
    "start": "2021-06-02T17:31:34.486Z",
    "end": "2021-06-02T17:31:37.583Z",
    "duration": 3097,
    "testsRegistered": 41,
    "passPercent": 0,
    "pendingPercent": 0,
    "other": 12,
    "hasOther": true,
    "skipped": 41,
    "hasSkipped": true
  },
  "results": [
    {
      "uuid": "adcf3158-b792-4917-aba8-3b8528d055f3",
      "title": "",
      "fullFile": "cypress/integration/project.spec.js",
      "file": "cypress/integration/project.spec.js",
      "beforeHooks": [],
      "afterHooks": [],
      "tests": [],
      "suites": [
        {
          "uuid": "137b0e77-bebd-4f56-b1cb-4523fd43cea4",
          "title": "1 - Adicione à página o título \"Paleta de Cores\".",
          "fullFile": "",
          "file": "",
          "beforeHooks": [],
          "afterHooks": [],
          "tests": [
            {
              "title": "Verifica se contém um elemento `h1` com o id `title` com o título correto",
              "fullTitle": "1 - Adicione à página o título \"Paleta de Cores\". Verifica se contém um elemento `h1` com o id `title` com o título correto",
              "timedOut": null,
              "duration": 311,
              "state": "failed",
              "speed": null,
              "pass": false,
              "fail": true,
              "pending": false,
              "context": null,
              "code": "cy.get('h1#title').should('contain.text', 'Paleta de Cores');",
              "err": {
                "message": "CypressError: cy.visit() failed trying to load:\n\n./index.html\n\nWe failed looking for this file at the path:\n\n/home/alexsander/Documents/trybe-projets/sd-013-b-project-pixels-art/index.html\n\nThe internal Cypress web server responded with:\n\n  > 404: Not Found\n\nBecause this error occurred during a 'before each' hook we are skipping the remaining tests in the current suite: '1 - Adicione à página o tít...'",
                "estack": "CypressError: cy.visit() failed trying to load:\n\n./index.html\n\nWe failed looking for this file at the path:\n\n/home/alexsander/Documents/trybe-projets/sd-013-b-project-pixels-art/index.html\n\nThe internal Cypress web server responded with:\n\n  > 404: Not Found\n\nBecause this error occurred during a 'before each' hook we are skipping the remaining tests in the current suite: '1 - Adicione à página o tít...'\n    at cypressErr (http://localhost:33443/__cypress/runner/cypress_runner.js:149934:9)\n    at throwErr (http://localhost:33443/__cypress/runner/cypress_runner.js:149867:11)\n    at Object.throwErrByPath (http://localhost:33443/__cypress/runner/cypress_runner.js:149915:3)\n    at http://localhost:33443/__cypress/runner/cypress_runner.js:138814:34\n    at visitFailedByErr (http://localhost:33443/__cypress/runner/cypress_runner.js:138327:12)\n    at http://localhost:33443/__cypress/runner/cypress_runner.js:138795:22\n    at tryCatcher (http://localhost:33443/__cypress/runner/cypress_runner.js:167415:23)\n    at Promise._settlePromiseFromHandler (http://localhost:33443/__cypress/runner/cypress_runner.js:165351:31)\n    at Promise._settlePromise (http://localhost:33443/__cypress/runner/cypress_runner.js:165408:18)\n    at Promise._settlePromise0 (http://localhost:33443/__cypress/runner/cypress_runner.js:165453:10)\n    at Promise._settlePromises (http://localhost:33443/__cypress/runner/cypress_runner.js:165528:18)\n    at Async../node_modules/bluebird/js/release/async.js.Async._drainQueue (http://localhost:33443/__cypress/runner/cypress_runner.js:162140:16)\n    at Async../node_modules/bluebird/js/release/async.js.Async._drainQueues (http://localhost:33443/__cypress/runner/cypress_runner.js:162150:10)\n    at Async.drainQueues (http://localhost:33443/__cypress/runner/cypress_runner.js:162024:14)",
                "diff": null
              },
              "uuid": "0ee4fd35-2118-4d7c-b13f-80fe9361d204",
              "parentUUID": "137b0e77-bebd-4f56-b1cb-4523fd43cea4",
              "isHook": false,
              "skipped": false
            }
          ],
          "suites": [],
          "passes": [],
          "failures": [
            "0ee4fd35-2118-4d7c-b13f-80fe9361d204"
          ],
          "pending": [],
          "skipped": [],
          "duration": 311,
          "root": false,
          "rootEmpty": false,
          "_timeout": 2000
        },
        {
          "uuid": "fa4bbb2a-1343-4680-8639-5125b2098ef5",
          "title": "2 - Adicione à página uma paleta de quatro cores distintas.",
          "fullFile": "",
          "file": "",
          "beforeHooks": [],
          "afterHooks": [],
          "tests": [
            {
              "title": "A paleta de cores deve ser um elemento com `id` denominado `color-palette`",
              "fullTitle": "2 - Adicione à página uma paleta de quatro cores distintas. A paleta de cores deve ser um elemento com `id` denominado `color-palette`",
              "timedOut": null,
              "duration": 274,
              "state": "failed",
              "speed": null,
              "pass": false,
              "fail": true,
              "pending": false,
              "context": null,
              "code": "cy.get('#color-palette').should('be.visible');",
              "err": {
                "message": "CypressError: cy.visit() failed trying to load:\n\n./index.html\n\nWe failed looking for this file at the path:\n\n/home/alexsander/Documents/trybe-projets/sd-013-b-project-pixels-art/index.html\n\nThe internal Cypress web server responded with:\n\n  > 404: Not Found\n\nBecause this error occurred during a 'before each' hook we are skipping the remaining tests in the current suite: '2 - Adicione à página uma p...'",
                "estack": "CypressError: cy.visit() failed trying to load:\n\n./index.html\n\nWe failed looking for this file at the path:\n\n/home/alexsander/Documents/trybe-projets/sd-013-b-project-pixels-art/index.html\n\nThe internal Cypress web server responded with:\n\n  > 404: Not Found\n\nBecause this error occurred during a 'before each' hook we are skipping the remaining tests in the current suite: '2 - Adicione à página uma p...'\n    at cypressErr (http://localhost:33443/__cypress/runner/cypress_runner.js:149934:9)\n    at throwErr (http://localhost:33443/__cypress/runner/cypress_runner.js:149867:11)\n    at Object.throwErrByPath (http://localhost:33443/__cypress/runner/cypress_runner.js:149915:3)\n    at http://localhost:33443/__cypress/runner/cypress_runner.js:138814:34\n    at visitFailedByErr (http://localhost:33443/__cypress/runner/cypress_runner.js:138327:12)\n    at http://localhost:33443/__cypress/runner/cypress_runner.js:138795:22\n    at tryCatcher (http://localhost:33443/__cypress/runner/cypress_runner.js:167415:23)\n    at Promise._settlePromiseFromHandler (http://localhost:33443/__cypress/runner/cypress_runner.js:165351:31)\n    at Promise._settlePromise (http://localhost:33443/__cypress/runner/cypress_runner.js:165408:18)\n    at Promise._settlePromise0 (http://localhost:33443/__cypress/runner/cypress_runner.js:165453:10)\n    at Promise._settlePromises (http://localhost:33443/__cypress/runner/cypress_runner.js:165528:18)\n    at Async../node_modules/bluebird/js/release/async.js.Async._drainQueue (http://localhost:33443/__cypress/runner/cypress_runner.js:162140:16)\n    at Async../node_modules/bluebird/js/release/async.js.Async._drainQueues (http://localhost:33443/__cypress/runner/cypress_runner.js:162150:10)\n    at Async.drainQueues (http://localhost:33443/__cypress/runner/cypress_runner.js:162024:14)",
                "diff": null
              },
              "uuid": "ef521558-97fe-435b-90d4-b3167e7403b6",
              "parentUUID": "fa4bbb2a-1343-4680-8639-5125b2098ef5",
              "isHook": false,
              "skipped": false
            },
            {
              "title": "Verifica se cada cor individual da paleta de cores possui a `classe` chamada `color`.",
              "fullTitle": "2 - Adicione à página uma paleta de quatro cores distintas. Verifica se cada cor individual da paleta de cores possui a `classe` chamada `color`.",
              "timedOut": null,
              "duration": 0,
              "state": "skipped",
              "speed": null,
              "pass": false,
              "fail": false,
              "pending": false,
              "context": null,
              "code": "cy.get('.color').should('have.length', 4).then(function (colors) {\n  for (var i = 0; i < colors.length; i++) {\n    cy.wrap(colors[i]).should('be.visible');\n  }\n});",
              "err": {},
              "uuid": "d2813bf5-73d6-436c-a1d6-265f44925368",
              "parentUUID": "fa4bbb2a-1343-4680-8639-5125b2098ef5",
              "isHook": false,
              "skipped": true
            },
            {
              "title": "Verifica se a cor de fundo de cada elemento da paleta é a cor que o elemento representa. **A única cor não permitida na paleta é a cor branca.**",
              "fullTitle": "2 - Adicione à página uma paleta de quatro cores distintas. Verifica se a cor de fundo de cada elemento da paleta é a cor que o elemento representa. **A única cor não permitida na paleta é a cor branca.**",
              "timedOut": null,
              "duration": 0,
              "state": "skipped",
              "speed": null,
              "pass": false,
              "fail": false,
              "pending": false,
              "context": null,
              "code": "cy.get('.color').each(function (color) {\n  cy.wrap(color).should('have.class', 'color').and('not.have.css', 'background-color', WHITE);\n  cy.wrap(color).should('have.css', 'background-color');\n});",
              "err": {},
              "uuid": "6e90dfd0-065d-4274-9e6d-4cdd9cca8d04",
              "parentUUID": "fa4bbb2a-1343-4680-8639-5125b2098ef5",
              "isHook": false,
              "skipped": true
            },
            {
              "title": "Verifica se cada elemento da paleta de cores tem uma borda preta, sólida e com 1 pixel de largura;",
              "fullTitle": "2 - Adicione à página uma paleta de quatro cores distintas. Verifica se cada elemento da paleta de cores tem uma borda preta, sólida e com 1 pixel de largura;",
              "timedOut": null,
              "duration": 0,
              "state": "skipped",
              "speed": null,
              "pass": false,
              "fail": false,
              "pending": false,
              "context": null,
              "code": "cy.get('.color').each(function (color) {\n  cy.wrap(color).and('have.css', 'border', \"1px solid \".concat(BLACK)).and('have.class', 'color');\n});",
              "err": {},
              "uuid": "8894e028-f573-4e15-9ea1-e1ab9cd8fdee",
              "parentUUID": "fa4bbb2a-1343-4680-8639-5125b2098ef5",
              "isHook": false,
              "skipped": true
            },
            {
              "title": "Verifica se a paleta lista todas as cores disponíveis para utilização, lado a lado.",
              "fullTitle": "2 - Adicione à página uma paleta de quatro cores distintas. Verifica se a paleta lista todas as cores disponíveis para utilização, lado a lado.",
              "timedOut": null,
              "duration": 0,
              "state": "skipped",
              "speed": null,
              "pass": false,
              "fail": false,
              "pending": false,
              "context": null,
              "code": "cy.get('.color').then(function (colors) {\n  for (var index = 1; index < colors.length; index += 1) {\n    var currentColor = colors[index];\n    var previousColor = colors[index - 1];\n    cy.wrap(currentColor).should('be.onTheRightOf', previousColor).and('be.horizontallyAlignedWith', previousColor);\n  }\n});",
              "err": {},
              "uuid": "06805b83-73b8-40c5-b23d-9bfa5e6e81b6",
              "parentUUID": "fa4bbb2a-1343-4680-8639-5125b2098ef5",
              "isHook": false,
              "skipped": true
            },
            {
              "title": "Verifica se a paleta de cores está posicionada abaixo do título 'Paleta de Cores'",
              "fullTitle": "2 - Adicione à página uma paleta de quatro cores distintas. Verifica se a paleta de cores está posicionada abaixo do título 'Paleta de Cores'",
              "timedOut": null,
              "duration": 0,
              "state": "skipped",
              "speed": null,
              "pass": false,
              "fail": false,
              "pending": false,
              "context": null,
              "code": "cy.get('h1#title').then(function (title) {\n  cy.get('#color-palette').should('be.belowOf', title);\n});",
              "err": {},
              "uuid": "a63eb0e8-9c26-4d72-b0de-814b6c0972ae",
              "parentUUID": "fa4bbb2a-1343-4680-8639-5125b2098ef5",
              "isHook": false,
              "skipped": true
            },
            {
              "title": "Verifica se a paleta de cores não contém cores repetidas.",
              "fullTitle": "2 - Adicione à página uma paleta de quatro cores distintas. Verifica se a paleta de cores não contém cores repetidas.",
              "timedOut": null,
              "duration": 0,
              "state": "skipped",
              "speed": null,
              "pass": false,
              "fail": false,
              "pending": false,
              "context": null,
              "code": "cy.get('.color').then(function (colors) {\n  var allColors = Array.from(colors).map(function (color) {\n    return Cypress.$(color).css('background-color');\n  });\n  cy.log(allColors);\n  var uniqColors = (0, _toConsumableArray2[\"default\"])(new Set(allColors));\n  cy.log(uniqColors);\n  expect(allColors.length).to.eq(uniqColors.length);\n});",
              "err": {},
              "uuid": "94566672-c51b-42b2-b63b-c96a348a4993",
              "parentUUID": "fa4bbb2a-1343-4680-8639-5125b2098ef5",
              "isHook": false,
              "skipped": true
            }
          ],
          "suites": [],
          "passes": [],
          "failures": [
            "ef521558-97fe-435b-90d4-b3167e7403b6"
          ],
          "pending": [],
          "skipped": [
            "d2813bf5-73d6-436c-a1d6-265f44925368",
            "6e90dfd0-065d-4274-9e6d-4cdd9cca8d04",
            "8894e028-f573-4e15-9ea1-e1ab9cd8fdee",
            "06805b83-73b8-40c5-b23d-9bfa5e6e81b6",
            "a63eb0e8-9c26-4d72-b0de-814b6c0972ae",
            "94566672-c51b-42b2-b63b-c96a348a4993"
          ],
          "duration": 274,
          "root": false,
          "rootEmpty": false,
          "_timeout": 2000
        },
        {
          "uuid": "6b192d1f-af58-4406-a75c-abfa330998a7",
          "title": "3 - Adicione a cor **preta** como a primeira cor da paleta de cores.",
          "fullFile": "",
          "file": "",
          "beforeHooks": [],
          "afterHooks": [],
          "tests": [
            {
              "title": "Verifica se a primeira cor da paleta é preta",
              "fullTitle": "3 - Adicione a cor **preta** como a primeira cor da paleta de cores. Verifica se a primeira cor da paleta é preta",
              "timedOut": null,
              "duration": 212,
              "state": "failed",
              "speed": null,
              "pass": false,
              "fail": true,
              "pending": false,
              "context": null,
              "code": "cy.get('.color').first().should('have.css', 'background-color', BLACK);",
              "err": {
                "message": "CypressError: cy.visit() failed trying to load:\n\n./index.html\n\nWe failed looking for this file at the path:\n\n/home/alexsander/Documents/trybe-projets/sd-013-b-project-pixels-art/index.html\n\nThe internal Cypress web server responded with:\n\n  > 404: Not Found\n\nBecause this error occurred during a 'before each' hook we are skipping the remaining tests in the current suite: '3 - Adicione a cor **preta*...'",
                "estack": "CypressError: cy.visit() failed trying to load:\n\n./index.html\n\nWe failed looking for this file at the path:\n\n/home/alexsander/Documents/trybe-projets/sd-013-b-project-pixels-art/index.html\n\nThe internal Cypress web server responded with:\n\n  > 404: Not Found\n\nBecause this error occurred during a 'before each' hook we are skipping the remaining tests in the current suite: '3 - Adicione a cor **preta*...'\n    at cypressErr (http://localhost:33443/__cypress/runner/cypress_runner.js:149934:9)\n    at throwErr (http://localhost:33443/__cypress/runner/cypress_runner.js:149867:11)\n    at Object.throwErrByPath (http://localhost:33443/__cypress/runner/cypress_runner.js:149915:3)\n    at http://localhost:33443/__cypress/runner/cypress_runner.js:138814:34\n    at visitFailedByErr (http://localhost:33443/__cypress/runner/cypress_runner.js:138327:12)\n    at http://localhost:33443/__cypress/runner/cypress_runner.js:138795:22\n    at tryCatcher (http://localhost:33443/__cypress/runner/cypress_runner.js:167415:23)\n    at Promise._settlePromiseFromHandler (http://localhost:33443/__cypress/runner/cypress_runner.js:165351:31)\n    at Promise._settlePromise (http://localhost:33443/__cypress/runner/cypress_runner.js:165408:18)\n    at Promise._settlePromise0 (http://localhost:33443/__cypress/runner/cypress_runner.js:165453:10)\n    at Promise._settlePromises (http://localhost:33443/__cypress/runner/cypress_runner.js:165528:18)\n    at Async../node_modules/bluebird/js/release/async.js.Async._drainQueue (http://localhost:33443/__cypress/runner/cypress_runner.js:162140:16)\n    at Async../node_modules/bluebird/js/release/async.js.Async._drainQueues (http://localhost:33443/__cypress/runner/cypress_runner.js:162150:10)\n    at Async.drainQueues (http://localhost:33443/__cypress/runner/cypress_runner.js:162024:14)",
                "diff": null
              },
              "uuid": "c74c6b7a-723d-4bf3-a81a-2b65697d295d",
              "parentUUID": "6b192d1f-af58-4406-a75c-abfa330998a7",
              "isHook": false,
              "skipped": false
            },
            {
              "title": "Verifica se as demais cores podem ser escolhidas livremente.",
              "fullTitle": "3 - Adicione a cor **preta** como a primeira cor da paleta de cores. Verifica se as demais cores podem ser escolhidas livremente.",
              "timedOut": null,
              "duration": 0,
              "state": "skipped",
              "speed": null,
              "pass": false,
              "fail": false,
              "pending": false,
              "context": null,
              "code": "cy.get('.color').eq(1).should('not.have.css', 'background-color', BLACK);\ncy.get('.color').eq(1).should('not.have.css', 'background-color', WHITE);\ncy.get('.color').eq(1).should('not.have.css', 'background-color', 'rgba(0, 0, 0, 0)');\ncy.get('.color').eq(1).should('have.css', 'background-color');\ncy.get('.color').eq(2).should('not.have.css', 'background-color', BLACK);\ncy.get('.color').eq(2).should('not.have.css', 'background-color', WHITE);\ncy.get('.color').eq(2).should('not.have.css', 'background-color', 'rgba(0, 0, 0, 0)');\ncy.get('.color').eq(2).should('have.css', 'background-color');\ncy.get('.color').eq(3).should('not.have.css', 'background-color', BLACK);\ncy.get('.color').eq(3).should('not.have.css', 'background-color', WHITE);\ncy.get('.color').eq(3).should('not.have.css', 'background-color', 'rgba(0, 0, 0, 0)');\ncy.get('.color').eq(3).should('have.css', 'background-color');",
              "err": {},
              "uuid": "be1cc783-2621-4254-aec8-aa08d0b2e4e2",
              "parentUUID": "6b192d1f-af58-4406-a75c-abfa330998a7",
              "isHook": false,
              "skipped": true
            }
          ],
          "suites": [],
          "passes": [],
          "failures": [
            "c74c6b7a-723d-4bf3-a81a-2b65697d295d"
          ],
          "pending": [],
          "skipped": [
            "be1cc783-2621-4254-aec8-aa08d0b2e4e2"
          ],
          "duration": 212,
          "root": false,
          "rootEmpty": false,
          "_timeout": 2000
        },
        {
          "uuid": "f7dbceb9-e200-4fce-82e6-b339380c4e1d",
          "title": "4 - Adicione à página um quadro de pixels, com 25 pixels.",
          "fullFile": "",
          "file": "",
          "beforeHooks": [],
          "afterHooks": [],
          "tests": [
            {
              "title": "Verifica se o quadro de pixels possui o `id` denominado `pixel-board`",
              "fullTitle": "4 - Adicione à página um quadro de pixels, com 25 pixels. Verifica se o quadro de pixels possui o `id` denominado `pixel-board`",
              "timedOut": null,
              "duration": 326,
              "state": "failed",
              "speed": null,
              "pass": false,
              "fail": true,
              "pending": false,
              "context": null,
              "code": "cy.get('#pixel-board').should('be.visible');",
              "err": {
                "message": "CypressError: cy.visit() failed trying to load:\n\n./index.html\n\nWe failed looking for this file at the path:\n\n/home/alexsander/Documents/trybe-projets/sd-013-b-project-pixels-art/index.html\n\nThe internal Cypress web server responded with:\n\n  > 404: Not Found\n\nBecause this error occurred during a 'before each' hook we are skipping the remaining tests in the current suite: '4 - Adicione à página um qu...'",
                "estack": "CypressError: cy.visit() failed trying to load:\n\n./index.html\n\nWe failed looking for this file at the path:\n\n/home/alexsander/Documents/trybe-projets/sd-013-b-project-pixels-art/index.html\n\nThe internal Cypress web server responded with:\n\n  > 404: Not Found\n\nBecause this error occurred during a 'before each' hook we are skipping the remaining tests in the current suite: '4 - Adicione à página um qu...'\n    at cypressErr (http://localhost:33443/__cypress/runner/cypress_runner.js:149934:9)\n    at throwErr (http://localhost:33443/__cypress/runner/cypress_runner.js:149867:11)\n    at Object.throwErrByPath (http://localhost:33443/__cypress/runner/cypress_runner.js:149915:3)\n    at http://localhost:33443/__cypress/runner/cypress_runner.js:138814:34\n    at visitFailedByErr (http://localhost:33443/__cypress/runner/cypress_runner.js:138327:12)\n    at http://localhost:33443/__cypress/runner/cypress_runner.js:138795:22\n    at tryCatcher (http://localhost:33443/__cypress/runner/cypress_runner.js:167415:23)\n    at Promise._settlePromiseFromHandler (http://localhost:33443/__cypress/runner/cypress_runner.js:165351:31)\n    at Promise._settlePromise (http://localhost:33443/__cypress/runner/cypress_runner.js:165408:18)\n    at Promise._settlePromise0 (http://localhost:33443/__cypress/runner/cypress_runner.js:165453:10)\n    at Promise._settlePromises (http://localhost:33443/__cypress/runner/cypress_runner.js:165528:18)\n    at Async../node_modules/bluebird/js/release/async.js.Async._drainQueue (http://localhost:33443/__cypress/runner/cypress_runner.js:162140:16)\n    at Async../node_modules/bluebird/js/release/async.js.Async._drainQueues (http://localhost:33443/__cypress/runner/cypress_runner.js:162150:10)\n    at Async.drainQueues (http://localhost:33443/__cypress/runner/cypress_runner.js:162024:14)",
                "diff": null
              },
              "uuid": "61820493-b2f3-4f59-b1f7-e28f521b2403",
              "parentUUID": "f7dbceb9-e200-4fce-82e6-b339380c4e1d",
              "isHook": false,
              "skipped": false
            },
            {
              "title": "Verifica se cada pixel individual dentro do quadro possui a `classe` denominada `pixel`.",
              "fullTitle": "4 - Adicione à página um quadro de pixels, com 25 pixels. Verifica se cada pixel individual dentro do quadro possui a `classe` denominada `pixel`.",
              "timedOut": null,
              "duration": 0,
              "state": "skipped",
              "speed": null,
              "pass": false,
              "fail": false,
              "pending": false,
              "context": null,
              "code": "cy.get('.pixel').should('have.length', 25);",
              "err": {},
              "uuid": "de7fbe81-306b-4c08-b05f-667fa6a3727d",
              "parentUUID": "f7dbceb9-e200-4fce-82e6-b339380c4e1d",
              "isHook": false,
              "skipped": true
            },
            {
              "title": "Verifica se a cor inicial dos pixels dentro do quadro, ao abrir a página, é branca.",
              "fullTitle": "4 - Adicione à página um quadro de pixels, com 25 pixels. Verifica se a cor inicial dos pixels dentro do quadro, ao abrir a página, é branca.",
              "timedOut": null,
              "duration": 0,
              "state": "skipped",
              "speed": null,
              "pass": false,
              "fail": false,
              "pending": false,
              "context": null,
              "code": "cy.get('.pixel').should('have.length', 25).each(function (pixel) {\n  expect(pixel).to.have.css('background-color', WHITE);\n});",
              "err": {},
              "uuid": "1751f580-80c0-4ef4-b1e9-c020f75213a6",
              "parentUUID": "f7dbceb9-e200-4fce-82e6-b339380c4e1d",
              "isHook": false,
              "skipped": true
            },
            {
              "title": "Verifica se o quadro de pixels aparece abaixo da paleta de cores",
              "fullTitle": "4 - Adicione à página um quadro de pixels, com 25 pixels. Verifica se o quadro de pixels aparece abaixo da paleta de cores",
              "timedOut": null,
              "duration": 0,
              "state": "skipped",
              "speed": null,
              "pass": false,
              "fail": false,
              "pending": false,
              "context": null,
              "code": "cy.get('#color-palette').then(function (palette) {\n  cy.get('#pixel-board').should('be.belowOf', palette);\n});",
              "err": {},
              "uuid": "e46e525e-427e-4730-ba11-06e1edfd5649",
              "parentUUID": "f7dbceb9-e200-4fce-82e6-b339380c4e1d",
              "isHook": false,
              "skipped": true
            }
          ],
          "suites": [],
          "passes": [],
          "failures": [
            "61820493-b2f3-4f59-b1f7-e28f521b2403"
          ],
          "pending": [],
          "skipped": [
            "de7fbe81-306b-4c08-b05f-667fa6a3727d",
            "1751f580-80c0-4ef4-b1e9-c020f75213a6",
            "e46e525e-427e-4730-ba11-06e1edfd5649"
          ],
          "duration": 326,
          "root": false,
          "rootEmpty": false,
          "_timeout": 2000
        },
        {
          "uuid": "aae844b4-b321-4474-914c-5753e6c53400",
          "title": "5 - Faça com que cada elemento do quadro de pixels possua 40 pixels de largura, 40 pixels de altura e seja delimitado por uma borda preta de 1 pixel.",
          "fullFile": "",
          "file": "",
          "beforeHooks": [],
          "afterHooks": [],
          "tests": [
            {
              "title": "Verifica se o quadro de pixels tem altura e comprimento de 5 elementos",
              "fullTitle": "5 - Faça com que cada elemento do quadro de pixels possua 40 pixels de largura, 40 pixels de altura e seja delimitado por uma borda preta de 1 pixel. Verifica se o quadro de pixels tem altura e comprimento de 5 elementos",
              "timedOut": null,
              "duration": 268,
              "state": "failed",
              "speed": null,
              "pass": false,
              "fail": true,
              "pending": false,
              "context": null,
              "code": "cy.get('.pixel').should('have.length', 25).each(function (pixel) {\n  expect(pixel).to.have.css('background-color', WHITE);\n}).and(function (pixels) {\n  var rows = chunk(pixels, 5);\n  rows.forEach(function (row) {\n    for (var index = 1; index < row.length; index += 1) {\n      var current = pixels[index];\n      var previous = pixels[index - 1];\n      cy.wrap(current).should('be.onTheRightOf', previous).and('be.horizontallyAlignedWith', previous);\n    }\n  });\n  for (var index = 1; index < 5; index += 1) {\n    expect(pixels[index * 5]).to.be.belowOf(pixels[(index - 1) * 5]);\n  }\n});",
              "err": {
                "message": "CypressError: cy.visit() failed trying to load:\n\n./index.html\n\nWe failed looking for this file at the path:\n\n/home/alexsander/Documents/trybe-projets/sd-013-b-project-pixels-art/index.html\n\nThe internal Cypress web server responded with:\n\n  > 404: Not Found\n\nBecause this error occurred during a 'before each' hook we are skipping the remaining tests in the current suite: '5 - Faça com que cada eleme...'",
                "estack": "CypressError: cy.visit() failed trying to load:\n\n./index.html\n\nWe failed looking for this file at the path:\n\n/home/alexsander/Documents/trybe-projets/sd-013-b-project-pixels-art/index.html\n\nThe internal Cypress web server responded with:\n\n  > 404: Not Found\n\nBecause this error occurred during a 'before each' hook we are skipping the remaining tests in the current suite: '5 - Faça com que cada eleme...'\n    at cypressErr (http://localhost:33443/__cypress/runner/cypress_runner.js:149934:9)\n    at throwErr (http://localhost:33443/__cypress/runner/cypress_runner.js:149867:11)\n    at Object.throwErrByPath (http://localhost:33443/__cypress/runner/cypress_runner.js:149915:3)\n    at http://localhost:33443/__cypress/runner/cypress_runner.js:138814:34\n    at visitFailedByErr (http://localhost:33443/__cypress/runner/cypress_runner.js:138327:12)\n    at http://localhost:33443/__cypress/runner/cypress_runner.js:138795:22\n    at tryCatcher (http://localhost:33443/__cypress/runner/cypress_runner.js:167415:23)\n    at Promise._settlePromiseFromHandler (http://localhost:33443/__cypress/runner/cypress_runner.js:165351:31)\n    at Promise._settlePromise (http://localhost:33443/__cypress/runner/cypress_runner.js:165408:18)\n    at Promise._settlePromise0 (http://localhost:33443/__cypress/runner/cypress_runner.js:165453:10)\n    at Promise._settlePromises (http://localhost:33443/__cypress/runner/cypress_runner.js:165528:18)\n    at Async../node_modules/bluebird/js/release/async.js.Async._drainQueue (http://localhost:33443/__cypress/runner/cypress_runner.js:162140:16)\n    at Async../node_modules/bluebird/js/release/async.js.Async._drainQueues (http://localhost:33443/__cypress/runner/cypress_runner.js:162150:10)\n    at Async.drainQueues (http://localhost:33443/__cypress/runner/cypress_runner.js:162024:14)",
                "diff": null
              },
              "uuid": "47b5dbd3-2fa8-44d0-bdd6-c9924d411277",
              "parentUUID": "aae844b4-b321-4474-914c-5753e6c53400",
              "isHook": false,
              "skipped": false
            },
            {
              "title": "Verifica se 40 pixels é o tamanho total do elemento, incluindo seu conteúdo e excluindo a borda preta, que deve ser criada à parte.",
              "fullTitle": "5 - Faça com que cada elemento do quadro de pixels possua 40 pixels de largura, 40 pixels de altura e seja delimitado por uma borda preta de 1 pixel. Verifica se 40 pixels é o tamanho total do elemento, incluindo seu conteúdo e excluindo a borda preta, que deve ser criada à parte.",
              "timedOut": null,
              "duration": 0,
              "state": "skipped",
              "speed": null,
              "pass": false,
              "fail": false,
              "pending": false,
              "context": null,
              "code": "cy.get('.pixel').each(function (pixel) {\n  cy.wrap(pixel).should('have.css', 'height', '40px').and('have.css', 'width', '40px').and('have.css', 'border', \"1px solid \".concat(BLACK));\n});",
              "err": {},
              "uuid": "df7b818f-4e65-4e62-8733-85f388de5768",
              "parentUUID": "aae844b4-b321-4474-914c-5753e6c53400",
              "isHook": false,
              "skipped": true
            }
          ],
          "suites": [],
          "passes": [],
          "failures": [
            "47b5dbd3-2fa8-44d0-bdd6-c9924d411277"
          ],
          "pending": [],
          "skipped": [
            "df7b818f-4e65-4e62-8733-85f388de5768"
          ],
          "duration": 268,
          "root": false,
          "rootEmpty": false,
          "_timeout": 2000
        },
        {
          "uuid": "4a659713-cbae-43af-bbf8-6517de99fb85",
          "title": "6 - Defina a cor preta como cor inicial. Ao carregar a página a cor preta já deve estar selecionada para pintar os pixels",
          "fullFile": "",
          "file": "",
          "beforeHooks": [],
          "afterHooks": [],
          "tests": [
            {
              "title": "Verifica se o elemento da cor preta possui, inicialmente, a `classe` `selected`",
              "fullTitle": "6 - Defina a cor preta como cor inicial. Ao carregar a página a cor preta já deve estar selecionada para pintar os pixels Verifica se o elemento da cor preta possui, inicialmente, a `classe` `selected`",
              "timedOut": null,
              "duration": 174,
              "state": "failed",
              "speed": null,
              "pass": false,
              "fail": true,
              "pending": false,
              "context": null,
              "code": "cy.get('.selected').first().should('have.css', 'background-color', BLACK);",
              "err": {
                "message": "CypressError: cy.visit() failed trying to load:\n\n./index.html\n\nWe failed looking for this file at the path:\n\n/home/alexsander/Documents/trybe-projets/sd-013-b-project-pixels-art/index.html\n\nThe internal Cypress web server responded with:\n\n  > 404: Not Found\n\nBecause this error occurred during a 'before each' hook we are skipping the remaining tests in the current suite: '6 - Defina a cor preta como...'",
                "estack": "CypressError: cy.visit() failed trying to load:\n\n./index.html\n\nWe failed looking for this file at the path:\n\n/home/alexsander/Documents/trybe-projets/sd-013-b-project-pixels-art/index.html\n\nThe internal Cypress web server responded with:\n\n  > 404: Not Found\n\nBecause this error occurred during a 'before each' hook we are skipping the remaining tests in the current suite: '6 - Defina a cor preta como...'\n    at cypressErr (http://localhost:33443/__cypress/runner/cypress_runner.js:149934:9)\n    at throwErr (http://localhost:33443/__cypress/runner/cypress_runner.js:149867:11)\n    at Object.throwErrByPath (http://localhost:33443/__cypress/runner/cypress_runner.js:149915:3)\n    at http://localhost:33443/__cypress/runner/cypress_runner.js:138814:34\n    at visitFailedByErr (http://localhost:33443/__cypress/runner/cypress_runner.js:138327:12)\n    at http://localhost:33443/__cypress/runner/cypress_runner.js:138795:22\n    at tryCatcher (http://localhost:33443/__cypress/runner/cypress_runner.js:167415:23)\n    at Promise._settlePromiseFromHandler (http://localhost:33443/__cypress/runner/cypress_runner.js:165351:31)\n    at Promise._settlePromise (http://localhost:33443/__cypress/runner/cypress_runner.js:165408:18)\n    at Promise._settlePromise0 (http://localhost:33443/__cypress/runner/cypress_runner.js:165453:10)\n    at Promise._settlePromises (http://localhost:33443/__cypress/runner/cypress_runner.js:165528:18)\n    at Async../node_modules/bluebird/js/release/async.js.Async._drainQueue (http://localhost:33443/__cypress/runner/cypress_runner.js:162140:16)\n    at Async../node_modules/bluebird/js/release/async.js.Async._drainQueues (http://localhost:33443/__cypress/runner/cypress_runner.js:162150:10)\n    at Async.drainQueues (http://localhost:33443/__cypress/runner/cypress_runner.js:162024:14)",
                "diff": null
              },
              "uuid": "633123f2-3209-4ae6-8c6f-01eebb5bc0e7",
              "parentUUID": "4a659713-cbae-43af-bbf8-6517de99fb85",
              "isHook": false,
              "skipped": false
            },
            {
              "title": "Verifica se nenhuma outra cor da paleta tem a `classe` `selected`",
              "fullTitle": "6 - Defina a cor preta como cor inicial. Ao carregar a página a cor preta já deve estar selecionada para pintar os pixels Verifica se nenhuma outra cor da paleta tem a `classe` `selected`",
              "timedOut": null,
              "duration": 0,
              "state": "skipped",
              "speed": null,
              "pass": false,
              "fail": false,
              "pending": false,
              "context": null,
              "code": "cy.get('.color:not(:first-child)').each(function (color) {\n  cy.wrap(color).should('not.have.class', 'selected');\n});",
              "err": {},
              "uuid": "66815850-613b-41df-9f0b-381f57f6d971",
              "parentUUID": "4a659713-cbae-43af-bbf8-6517de99fb85",
              "isHook": false,
              "skipped": true
            }
          ],
          "suites": [],
          "passes": [],
          "failures": [
            "633123f2-3209-4ae6-8c6f-01eebb5bc0e7"
          ],
          "pending": [],
          "skipped": [
            "66815850-613b-41df-9f0b-381f57f6d971"
          ],
          "duration": 174,
          "root": false,
          "rootEmpty": false,
          "_timeout": 2000
        },
        {
          "uuid": "8d808066-87ac-4205-8157-904178ba0b3c",
          "title": "7 - Clicar em uma das cores da paleta, faz com que ela seja selecionada e utilizada para preencher os pixels no quadro.",
          "fullFile": "",
          "file": "",
          "beforeHooks": [],
          "afterHooks": [],
          "tests": [
            {
              "title": "Verifica se somente uma cor da paleta de cores tem a classe `selected` de cada vez",
              "fullTitle": "7 - Clicar em uma das cores da paleta, faz com que ela seja selecionada e utilizada para preencher os pixels no quadro. Verifica se somente uma cor da paleta de cores tem a classe `selected` de cada vez",
              "timedOut": null,
              "duration": 187,
              "state": "failed",
              "speed": null,
              "pass": false,
              "fail": true,
              "pending": false,
              "context": null,
              "code": "cy.get('.color').each(function (selectedColor, selectedColorIndex) {\n  cy.wrap(selectedColor).click();\n  cy.get('.color').each(function (color, colorIndex) {\n    if (colorIndex === selectedColorIndex) {\n      expect(color).to.have[\"class\"]('selected');\n    } else {\n      expect(color).not.to.have[\"class\"]('selected');\n    }\n  });\n});",
              "err": {
                "message": "CypressError: cy.visit() failed trying to load:\n\n./index.html\n\nWe failed looking for this file at the path:\n\n/home/alexsander/Documents/trybe-projets/sd-013-b-project-pixels-art/index.html\n\nThe internal Cypress web server responded with:\n\n  > 404: Not Found\n\nBecause this error occurred during a 'before each' hook we are skipping the remaining tests in the current suite: '7 - Clicar em uma das cores...'",
                "estack": "CypressError: cy.visit() failed trying to load:\n\n./index.html\n\nWe failed looking for this file at the path:\n\n/home/alexsander/Documents/trybe-projets/sd-013-b-project-pixels-art/index.html\n\nThe internal Cypress web server responded with:\n\n  > 404: Not Found\n\nBecause this error occurred during a 'before each' hook we are skipping the remaining tests in the current suite: '7 - Clicar em uma das cores...'\n    at cypressErr (http://localhost:33443/__cypress/runner/cypress_runner.js:149934:9)\n    at throwErr (http://localhost:33443/__cypress/runner/cypress_runner.js:149867:11)\n    at Object.throwErrByPath (http://localhost:33443/__cypress/runner/cypress_runner.js:149915:3)\n    at http://localhost:33443/__cypress/runner/cypress_runner.js:138814:34\n    at visitFailedByErr (http://localhost:33443/__cypress/runner/cypress_runner.js:138327:12)\n    at http://localhost:33443/__cypress/runner/cypress_runner.js:138795:22\n    at tryCatcher (http://localhost:33443/__cypress/runner/cypress_runner.js:167415:23)\n    at Promise._settlePromiseFromHandler (http://localhost:33443/__cypress/runner/cypress_runner.js:165351:31)\n    at Promise._settlePromise (http://localhost:33443/__cypress/runner/cypress_runner.js:165408:18)\n    at Promise._settlePromise0 (http://localhost:33443/__cypress/runner/cypress_runner.js:165453:10)\n    at Promise._settlePromises (http://localhost:33443/__cypress/runner/cypress_runner.js:165528:18)\n    at Async../node_modules/bluebird/js/release/async.js.Async._drainQueue (http://localhost:33443/__cypress/runner/cypress_runner.js:162140:16)\n    at Async../node_modules/bluebird/js/release/async.js.Async._drainQueues (http://localhost:33443/__cypress/runner/cypress_runner.js:162150:10)\n    at Async.drainQueues (http://localhost:33443/__cypress/runner/cypress_runner.js:162024:14)",
                "diff": null
              },
              "uuid": "e972dbf9-f28e-4a2c-87bf-e9057794a935",
              "parentUUID": "8d808066-87ac-4205-8157-904178ba0b3c",
              "isHook": false,
              "skipped": false
            },
            {
              "title": "Verifica se os pixels dentro do quadro não têm a classe `selected` quando são clicados",
              "fullTitle": "7 - Clicar em uma das cores da paleta, faz com que ela seja selecionada e utilizada para preencher os pixels no quadro. Verifica se os pixels dentro do quadro não têm a classe `selected` quando são clicados",
              "timedOut": null,
              "duration": 0,
              "state": "skipped",
              "speed": null,
              "pass": false,
              "fail": false,
              "pending": false,
              "context": null,
              "code": "cy.get('.color').each(function (color) {\n  var backgroundColor = color.css('background-color');\n  cy.wrap(color).click();\n  cy.get('.pixel').each(function (pixel) {\n    cy.wrap(pixel).click().should('not.have.class', 'selected');\n  });\n});",
              "err": {},
              "uuid": "24c06e6f-85fe-4fc3-a29c-bdd6685c8ce6",
              "parentUUID": "8d808066-87ac-4205-8157-904178ba0b3c",
              "isHook": false,
              "skipped": true
            }
          ],
          "suites": [],
          "passes": [],
          "failures": [
            "e972dbf9-f28e-4a2c-87bf-e9057794a935"
          ],
          "pending": [],
          "skipped": [
            "24c06e6f-85fe-4fc3-a29c-bdd6685c8ce6"
          ],
          "duration": 187,
          "root": false,
          "rootEmpty": false,
          "_timeout": 2000
        },
        {
          "uuid": "11306cce-dc07-437c-b060-3294ba189fe5",
          "title": "8 - Clicar em um pixel dentro do quadro após selecionar uma cor na paleta, faz com que o pixel seja preenchido com a cor selecionada.",
          "fullFile": "",
          "file": "",
          "beforeHooks": [],
          "afterHooks": [],
          "tests": [
            {
              "title": "Verifica se ao carregar a página deve ser possível pintar os pixels de preto",
              "fullTitle": "8 - Clicar em um pixel dentro do quadro após selecionar uma cor na paleta, faz com que o pixel seja preenchido com a cor selecionada. Verifica se ao carregar a página deve ser possível pintar os pixels de preto",
              "timedOut": null,
              "duration": 217,
              "state": "failed",
              "speed": null,
              "pass": false,
              "fail": true,
              "pending": false,
              "context": null,
              "code": "cy.get('.pixel').each(function (pixel) {\n  cy.wrap(pixel).click().should('have.css', 'background-color', BLACK);\n});",
              "err": {
                "message": "CypressError: cy.visit() failed trying to load:\n\n./index.html\n\nWe failed looking for this file at the path:\n\n/home/alexsander/Documents/trybe-projets/sd-013-b-project-pixels-art/index.html\n\nThe internal Cypress web server responded with:\n\n  > 404: Not Found\n\nBecause this error occurred during a 'before each' hook we are skipping the remaining tests in the current suite: '8 - Clicar em um pixel dent...'",
                "estack": "CypressError: cy.visit() failed trying to load:\n\n./index.html\n\nWe failed looking for this file at the path:\n\n/home/alexsander/Documents/trybe-projets/sd-013-b-project-pixels-art/index.html\n\nThe internal Cypress web server responded with:\n\n  > 404: Not Found\n\nBecause this error occurred during a 'before each' hook we are skipping the remaining tests in the current suite: '8 - Clicar em um pixel dent...'\n    at cypressErr (http://localhost:33443/__cypress/runner/cypress_runner.js:149934:9)\n    at throwErr (http://localhost:33443/__cypress/runner/cypress_runner.js:149867:11)\n    at Object.throwErrByPath (http://localhost:33443/__cypress/runner/cypress_runner.js:149915:3)\n    at http://localhost:33443/__cypress/runner/cypress_runner.js:138814:34\n    at visitFailedByErr (http://localhost:33443/__cypress/runner/cypress_runner.js:138327:12)\n    at http://localhost:33443/__cypress/runner/cypress_runner.js:138795:22\n    at tryCatcher (http://localhost:33443/__cypress/runner/cypress_runner.js:167415:23)\n    at Promise._settlePromiseFromHandler (http://localhost:33443/__cypress/runner/cypress_runner.js:165351:31)\n    at Promise._settlePromise (http://localhost:33443/__cypress/runner/cypress_runner.js:165408:18)\n    at Promise._settlePromise0 (http://localhost:33443/__cypress/runner/cypress_runner.js:165453:10)\n    at Promise._settlePromises (http://localhost:33443/__cypress/runner/cypress_runner.js:165528:18)\n    at Async../node_modules/bluebird/js/release/async.js.Async._drainQueue (http://localhost:33443/__cypress/runner/cypress_runner.js:162140:16)\n    at Async../node_modules/bluebird/js/release/async.js.Async._drainQueues (http://localhost:33443/__cypress/runner/cypress_runner.js:162150:10)\n    at Async.drainQueues (http://localhost:33443/__cypress/runner/cypress_runner.js:162024:14)",
                "diff": null
              },
              "uuid": "a10d7f29-983c-42f1-b2a2-2838a87b3553",
              "parentUUID": "11306cce-dc07-437c-b060-3294ba189fe5",
              "isHook": false,
              "skipped": false
            },
            {
              "title": "Verifica se após selecionar uma outra cor na paleta, é possível pintar os pixels com essa cor",
              "fullTitle": "8 - Clicar em um pixel dentro do quadro após selecionar uma cor na paleta, faz com que o pixel seja preenchido com a cor selecionada. Verifica se após selecionar uma outra cor na paleta, é possível pintar os pixels com essa cor",
              "timedOut": null,
              "duration": 0,
              "state": "skipped",
              "speed": null,
              "pass": false,
              "fail": false,
              "pending": false,
              "context": null,
              "code": "cy.get('.color').each(function (color) {\n  var backgroundColor = color.css('background-color');\n  cy.wrap(color).click();\n  cy.get('.pixel').each(function (pixel) {\n    cy.wrap(pixel).click().should('have.css', 'background-color', backgroundColor);\n  });\n});",
              "err": {},
              "uuid": "88086767-d412-41a7-af43-d4239df7d9e4",
              "parentUUID": "11306cce-dc07-437c-b060-3294ba189fe5",
              "isHook": false,
              "skipped": true
            },
            {
              "title": "Verifica se somente o pixel que foi clicado foi preenchido com a cor selecionada, sem influenciar na cor dos demais pixels.",
              "fullTitle": "8 - Clicar em um pixel dentro do quadro após selecionar uma cor na paleta, faz com que o pixel seja preenchido com a cor selecionada. Verifica se somente o pixel que foi clicado foi preenchido com a cor selecionada, sem influenciar na cor dos demais pixels.",
              "timedOut": null,
              "duration": 0,
              "state": "skipped",
              "speed": null,
              "pass": false,
              "fail": false,
              "pending": false,
              "context": null,
              "code": "var colorToPixelIndexMap = {\n  0: 6,\n  1: 8,\n  2: 16,\n  3: 18\n};\ncy.get('.color').each(function (color, index) {\n  cy.wrap(color).click();\n  var backgroundColor = color.css('background-color');\n  var clickedPixelIndex = colorToPixelIndexMap[index];\n  cy.get('.pixel').eq(clickedPixelIndex).click();\n  cy.get('.pixel').eq(clickedPixelIndex - 1).should('not.have.css', 'background-color', backgroundColor);\n  cy.get('.pixel').eq(clickedPixelIndex + 1).should('not.have.css', 'background-color', backgroundColor);\n  cy.get('.pixel').eq(clickedPixelIndex - 5).should('not.have.css', 'background-color', backgroundColor);\n  cy.get('.pixel').eq(clickedPixelIndex + 5).should('not.have.css', 'background-color', backgroundColor);\n  cy.get('.pixel').eq(clickedPixelIndex - 6).should('not.have.css', 'background-color', backgroundColor);\n  cy.get('.pixel').eq(clickedPixelIndex - 4).should('not.have.css', 'background-color', backgroundColor);\n  cy.get('.pixel').eq(clickedPixelIndex + 4).should('not.have.css', 'background-color', backgroundColor);\n  cy.get('.pixel').eq(clickedPixelIndex + 6).should('not.have.css', 'background-color', backgroundColor);\n});",
              "err": {},
              "uuid": "cc63af1d-719b-4a20-af42-c048bc0c9694",
              "parentUUID": "11306cce-dc07-437c-b060-3294ba189fe5",
              "isHook": false,
              "skipped": true
            }
          ],
          "suites": [],
          "passes": [],
          "failures": [
            "a10d7f29-983c-42f1-b2a2-2838a87b3553"
          ],
          "pending": [],
          "skipped": [
            "88086767-d412-41a7-af43-d4239df7d9e4",
            "cc63af1d-719b-4a20-af42-c048bc0c9694"
          ],
          "duration": 217,
          "root": false,
          "rootEmpty": false,
          "_timeout": 2000
        },
        {
          "uuid": "42dad0b1-c1cb-48eb-a5bf-dde0d95e4f18",
          "title": "9 - Crie um botão que, ao ser clicado, limpa o quadro preenchendo a cor de todos seus pixels com branco.",
          "fullFile": "",
          "file": "",
          "beforeHooks": [],
          "afterHooks": [],
          "tests": [
            {
              "title": "Verifica se o botão tem o `id` denominado `clear-board`",
              "fullTitle": "9 - Crie um botão que, ao ser clicado, limpa o quadro preenchendo a cor de todos seus pixels com branco. Verifica se o botão tem o `id` denominado `clear-board`",
              "timedOut": null,
              "duration": 183,
              "state": "failed",
              "speed": null,
              "pass": false,
              "fail": true,
              "pending": false,
              "context": null,
              "code": "cy.get('#clear-board').should('be.visible');",
              "err": {
                "message": "CypressError: cy.visit() failed trying to load:\n\n./index.html\n\nWe failed looking for this file at the path:\n\n/home/alexsander/Documents/trybe-projets/sd-013-b-project-pixels-art/index.html\n\nThe internal Cypress web server responded with:\n\n  > 404: Not Found\n\nBecause this error occurred during a 'before each' hook we are skipping the remaining tests in the current suite: '9 - Crie um botão que, ao s...'",
                "estack": "CypressError: cy.visit() failed trying to load:\n\n./index.html\n\nWe failed looking for this file at the path:\n\n/home/alexsander/Documents/trybe-projets/sd-013-b-project-pixels-art/index.html\n\nThe internal Cypress web server responded with:\n\n  > 404: Not Found\n\nBecause this error occurred during a 'before each' hook we are skipping the remaining tests in the current suite: '9 - Crie um botão que, ao s...'\n    at cypressErr (http://localhost:33443/__cypress/runner/cypress_runner.js:149934:9)\n    at throwErr (http://localhost:33443/__cypress/runner/cypress_runner.js:149867:11)\n    at Object.throwErrByPath (http://localhost:33443/__cypress/runner/cypress_runner.js:149915:3)\n    at http://localhost:33443/__cypress/runner/cypress_runner.js:138814:34\n    at visitFailedByErr (http://localhost:33443/__cypress/runner/cypress_runner.js:138327:12)\n    at http://localhost:33443/__cypress/runner/cypress_runner.js:138795:22\n    at tryCatcher (http://localhost:33443/__cypress/runner/cypress_runner.js:167415:23)\n    at Promise._settlePromiseFromHandler (http://localhost:33443/__cypress/runner/cypress_runner.js:165351:31)\n    at Promise._settlePromise (http://localhost:33443/__cypress/runner/cypress_runner.js:165408:18)\n    at Promise._settlePromise0 (http://localhost:33443/__cypress/runner/cypress_runner.js:165453:10)\n    at Promise._settlePromises (http://localhost:33443/__cypress/runner/cypress_runner.js:165528:18)\n    at Async../node_modules/bluebird/js/release/async.js.Async._drainQueue (http://localhost:33443/__cypress/runner/cypress_runner.js:162140:16)\n    at Async../node_modules/bluebird/js/release/async.js.Async._drainQueues (http://localhost:33443/__cypress/runner/cypress_runner.js:162150:10)\n    at Async.drainQueues (http://localhost:33443/__cypress/runner/cypress_runner.js:162024:14)",
                "diff": null
              },
              "uuid": "43655baf-f716-4da9-a614-d5a755d842d3",
              "parentUUID": "42dad0b1-c1cb-48eb-a5bf-dde0d95e4f18",
              "isHook": false,
              "skipped": false
            },
            {
              "title": "Verifica se o botão está posicionado entre a paleta de cores e o quadro de pixels",
              "fullTitle": "9 - Crie um botão que, ao ser clicado, limpa o quadro preenchendo a cor de todos seus pixels com branco. Verifica se o botão está posicionado entre a paleta de cores e o quadro de pixels",
              "timedOut": null,
              "duration": 0,
              "state": "skipped",
              "speed": null,
              "pass": false,
              "fail": false,
              "pending": false,
              "context": null,
              "code": "cy.get('#color-palette').then(function (palette) {\n  cy.get('#clear-board').should('be.belowOf', palette);\n});\ncy.get('#clear-board').then(function (clearBtn) {\n  cy.get('#pixel-board').should('be.belowOf', clearBtn);\n});",
              "err": {},
              "uuid": "5e0c2b29-e43e-4fbe-a095-5c767f7e114f",
              "parentUUID": "42dad0b1-c1cb-48eb-a5bf-dde0d95e4f18",
              "isHook": false,
              "skipped": true
            },
            {
              "title": "Verifica se o texto do botão é 'Limpar'",
              "fullTitle": "9 - Crie um botão que, ao ser clicado, limpa o quadro preenchendo a cor de todos seus pixels com branco. Verifica se o texto do botão é 'Limpar'",
              "timedOut": null,
              "duration": 0,
              "state": "skipped",
              "speed": null,
              "pass": false,
              "fail": false,
              "pending": false,
              "context": null,
              "code": "cy.get('#clear-board').should('contain.text', 'Limpar');",
              "err": {},
              "uuid": "8c55f74e-24f1-4e44-b838-1df313b485f1",
              "parentUUID": "42dad0b1-c1cb-48eb-a5bf-dde0d95e4f18",
              "isHook": false,
              "skipped": true
            },
            {
              "title": "Verifica se ao clicar no botão, o quadro de pixels é totalmente preenchido de branco",
              "fullTitle": "9 - Crie um botão que, ao ser clicado, limpa o quadro preenchendo a cor de todos seus pixels com branco. Verifica se ao clicar no botão, o quadro de pixels é totalmente preenchido de branco",
              "timedOut": null,
              "duration": 0,
              "state": "skipped",
              "speed": null,
              "pass": false,
              "fail": false,
              "pending": false,
              "context": null,
              "code": "cy.get('.color').eq(1).then(function (color) {\n  var backgroundColor = color.css('background-color');\n  cy.wrap(color).click();\n  cy.get('.pixel').each(function (pixel) {\n    cy.wrap(pixel).click().should('have.css', 'background-color', backgroundColor);\n  });\n});\ncy.get('#clear-board').click();\ncy.get('.pixel').each(function (pixel) {\n  cy.wrap(pixel).should('have.css', 'background-color', WHITE);\n});",
              "err": {},
              "uuid": "8b35c321-4310-4c8d-9ae5-84c143dc4508",
              "parentUUID": "42dad0b1-c1cb-48eb-a5bf-dde0d95e4f18",
              "isHook": false,
              "skipped": true
            }
          ],
          "suites": [],
          "passes": [],
          "failures": [
            "43655baf-f716-4da9-a614-d5a755d842d3"
          ],
          "pending": [],
          "skipped": [
            "5e0c2b29-e43e-4fbe-a095-5c767f7e114f",
            "8c55f74e-24f1-4e44-b838-1df313b485f1",
            "8b35c321-4310-4c8d-9ae5-84c143dc4508"
          ],
          "duration": 183,
          "root": false,
          "rootEmpty": false,
          "_timeout": 2000
        },
        {
          "uuid": "6b7b01ea-8fce-4cb6-b69e-b6f965dd1dd4",
          "title": "10 - Faça o quadro de pixels ter seu tamanho definido pelo usuário.",
          "fullFile": "",
          "file": "",
          "beforeHooks": [],
          "afterHooks": [],
          "tests": [
            {
              "title": "Verifica se existe um input com o id `board-size`",
              "fullTitle": "10 - Faça o quadro de pixels ter seu tamanho definido pelo usuário. Verifica se existe um input com o id `board-size`",
              "timedOut": null,
              "duration": 251,
              "state": "failed",
              "speed": null,
              "pass": false,
              "fail": true,
              "pending": false,
              "context": null,
              "code": "cy.get('#board-size').should('be.visible');",
              "err": {
                "message": "CypressError: cy.visit() failed trying to load:\n\n./index.html\n\nWe failed looking for this file at the path:\n\n/home/alexsander/Documents/trybe-projets/sd-013-b-project-pixels-art/index.html\n\nThe internal Cypress web server responded with:\n\n  > 404: Not Found\n\nBecause this error occurred during a 'before each' hook we are skipping the remaining tests in the current suite: '10 - Faça o quadro de pixel...'",
                "estack": "CypressError: cy.visit() failed trying to load:\n\n./index.html\n\nWe failed looking for this file at the path:\n\n/home/alexsander/Documents/trybe-projets/sd-013-b-project-pixels-art/index.html\n\nThe internal Cypress web server responded with:\n\n  > 404: Not Found\n\nBecause this error occurred during a 'before each' hook we are skipping the remaining tests in the current suite: '10 - Faça o quadro de pixel...'\n    at cypressErr (http://localhost:33443/__cypress/runner/cypress_runner.js:149934:9)\n    at throwErr (http://localhost:33443/__cypress/runner/cypress_runner.js:149867:11)\n    at Object.throwErrByPath (http://localhost:33443/__cypress/runner/cypress_runner.js:149915:3)\n    at http://localhost:33443/__cypress/runner/cypress_runner.js:138814:34\n    at visitFailedByErr (http://localhost:33443/__cypress/runner/cypress_runner.js:138327:12)\n    at http://localhost:33443/__cypress/runner/cypress_runner.js:138795:22\n    at tryCatcher (http://localhost:33443/__cypress/runner/cypress_runner.js:167415:23)\n    at Promise._settlePromiseFromHandler (http://localhost:33443/__cypress/runner/cypress_runner.js:165351:31)\n    at Promise._settlePromise (http://localhost:33443/__cypress/runner/cypress_runner.js:165408:18)\n    at Promise._settlePromise0 (http://localhost:33443/__cypress/runner/cypress_runner.js:165453:10)\n    at Promise._settlePromises (http://localhost:33443/__cypress/runner/cypress_runner.js:165528:18)\n    at Async../node_modules/bluebird/js/release/async.js.Async._drainQueue (http://localhost:33443/__cypress/runner/cypress_runner.js:162140:16)\n    at Async../node_modules/bluebird/js/release/async.js.Async._drainQueues (http://localhost:33443/__cypress/runner/cypress_runner.js:162150:10)\n    at Async.drainQueues (http://localhost:33443/__cypress/runner/cypress_runner.js:162024:14)",
                "diff": null
              },
              "uuid": "3f86197f-809e-4eea-aa7d-ce24a6d4ded7",
              "parentUUID": "6b7b01ea-8fce-4cb6-b69e-b6f965dd1dd4",
              "isHook": false,
              "skipped": false
            },
            {
              "title": "Verifica se existe um botão com o id `generate-board`",
              "fullTitle": "10 - Faça o quadro de pixels ter seu tamanho definido pelo usuário. Verifica se existe um botão com o id `generate-board`",
              "timedOut": null,
              "duration": 0,
              "state": "skipped",
              "speed": null,
              "pass": false,
              "fail": false,
              "pending": false,
              "context": null,
              "code": "cy.get('#generate-board').should('be.visible');",
              "err": {},
              "uuid": "d8545bfa-3e7d-4d2b-9ea4-34b5c8756417",
              "parentUUID": "6b7b01ea-8fce-4cb6-b69e-b6f965dd1dd4",
              "isHook": false,
              "skipped": true
            },
            {
              "title": "Verifica se o input só aceita número maiores que zero. Essa restrição deve ser feita usando os atributos do elemento `input`",
              "fullTitle": "10 - Faça o quadro de pixels ter seu tamanho definido pelo usuário. Verifica se o input só aceita número maiores que zero. Essa restrição deve ser feita usando os atributos do elemento `input`",
              "timedOut": null,
              "duration": 0,
              "state": "skipped",
              "speed": null,
              "pass": false,
              "fail": false,
              "pending": false,
              "context": null,
              "code": "cy.get('#board-size[type=\\'number\\'][min=\\'1\\']');",
              "err": {},
              "uuid": "9700900f-e798-4db2-aa86-176e6f6e1e71",
              "parentUUID": "6b7b01ea-8fce-4cb6-b69e-b6f965dd1dd4",
              "isHook": false,
              "skipped": true
            },
            {
              "title": "Verifica se o botão contém o texto 'VQV'",
              "fullTitle": "10 - Faça o quadro de pixels ter seu tamanho definido pelo usuário. Verifica se o botão contém o texto 'VQV'",
              "timedOut": null,
              "duration": 0,
              "state": "skipped",
              "speed": null,
              "pass": false,
              "fail": false,
              "pending": false,
              "context": null,
              "code": "cy.get('#generate-board').contains(/vqv/i);",
              "err": {},
              "uuid": "9b29c34f-2bf3-4dcd-b042-faba7c7c698a",
              "parentUUID": "6b7b01ea-8fce-4cb6-b69e-b6f965dd1dd4",
              "isHook": false,
              "skipped": true
            },
            {
              "title": "Verifica se o input está posicionado entre a paleta de cores e o quadro de pixels",
              "fullTitle": "10 - Faça o quadro de pixels ter seu tamanho definido pelo usuário. Verifica se o input está posicionado entre a paleta de cores e o quadro de pixels",
              "timedOut": null,
              "duration": 0,
              "state": "skipped",
              "speed": null,
              "pass": false,
              "fail": false,
              "pending": false,
              "context": null,
              "code": "cy.get('#color-palette').then(function (palette) {\n  cy.get('#board-size').should('be.belowOf', palette);\n});\ncy.get('#board-size').then(function (palette) {\n  cy.get('#pixel-board').should('be.belowOf', palette);\n});",
              "err": {},
              "uuid": "e9f722c3-2b76-44f9-868a-47c74f413b25",
              "parentUUID": "6b7b01ea-8fce-4cb6-b69e-b6f965dd1dd4",
              "isHook": false,
              "skipped": true
            },
            {
              "title": "Verifica se o botão está posicionado ao lado do input",
              "fullTitle": "10 - Faça o quadro de pixels ter seu tamanho definido pelo usuário. Verifica se o botão está posicionado ao lado do input",
              "timedOut": null,
              "duration": 0,
              "state": "skipped",
              "speed": null,
              "pass": false,
              "fail": false,
              "pending": false,
              "context": null,
              "code": "cy.get('#board-size').then(function (board) {\n  cy.get('#generate-board').should('be.onTheRightOf', board);\n});",
              "err": {},
              "uuid": "df89ce62-c6bf-4885-a234-4fb8f7612b8e",
              "parentUUID": "6b7b01ea-8fce-4cb6-b69e-b6f965dd1dd4",
              "isHook": false,
              "skipped": true
            },
            {
              "title": "Verifica se nenhum valor for colocado no input ao clicar no botão, um `alert` é exibido com o texto: 'Board inválido!'",
              "fullTitle": "10 - Faça o quadro de pixels ter seu tamanho definido pelo usuário. Verifica se nenhum valor for colocado no input ao clicar no botão, um `alert` é exibido com o texto: 'Board inválido!'",
              "timedOut": null,
              "duration": 0,
              "state": "skipped",
              "speed": null,
              "pass": false,
              "fail": false,
              "pending": false,
              "context": null,
              "code": "var alerted = false;\ncy.on('window:alert', function (msg) {\n  return alerted = msg;\n});\ncy.get('#generate-board').click().then(function () {\n  return expect(alerted).to.match(/Board inválido!/i);\n});",
              "err": {},
              "uuid": "1bd785d4-36a8-4ab8-bfd9-f53c94b8670d",
              "parentUUID": "6b7b01ea-8fce-4cb6-b69e-b6f965dd1dd4",
              "isHook": false,
              "skipped": true
            },
            {
              "title": "Verifica se ao clicar no botão com um valor preenchido, o tamanho do board muda.",
              "fullTitle": "10 - Faça o quadro de pixels ter seu tamanho definido pelo usuário. Verifica se ao clicar no botão com um valor preenchido, o tamanho do board muda.",
              "timedOut": null,
              "duration": 0,
              "state": "skipped",
              "speed": null,
              "pass": false,
              "fail": false,
              "pending": false,
              "context": null,
              "code": "cy.get('#board-size').clear().type(10);\ncy.get('#generate-board').click();\ncy.get('.pixel').should('have.length', 100);",
              "err": {},
              "uuid": "dc318632-1661-414d-9f4e-cf6ee91b0daf",
              "parentUUID": "6b7b01ea-8fce-4cb6-b69e-b6f965dd1dd4",
              "isHook": false,
              "skipped": true
            },
            {
              "title": "Verifica se o novo quadro tem todos os pixels preenchidos com a cor branca",
              "fullTitle": "10 - Faça o quadro de pixels ter seu tamanho definido pelo usuário. Verifica se o novo quadro tem todos os pixels preenchidos com a cor branca",
              "timedOut": null,
              "duration": 0,
              "state": "skipped",
              "speed": null,
              "pass": false,
              "fail": false,
              "pending": false,
              "context": null,
              "code": "cy.get('#board-size').clear().type(6);\ncy.get('#generate-board').click();\ncy.get('.pixel').should('have.length', 36).each(function (pixel) {\n  expect(pixel).to.have.css('background-color', WHITE);\n});",
              "err": {},
              "uuid": "bfc8c1f1-f818-40e9-960c-18aecd2ac62d",
              "parentUUID": "6b7b01ea-8fce-4cb6-b69e-b6f965dd1dd4",
              "isHook": false,
              "skipped": true
            }
          ],
          "suites": [],
          "passes": [],
          "failures": [
            "3f86197f-809e-4eea-aa7d-ce24a6d4ded7"
          ],
          "pending": [],
          "skipped": [
            "d8545bfa-3e7d-4d2b-9ea4-34b5c8756417",
            "9700900f-e798-4db2-aa86-176e6f6e1e71",
            "9b29c34f-2bf3-4dcd-b042-faba7c7c698a",
            "e9f722c3-2b76-44f9-868a-47c74f413b25",
            "df89ce62-c6bf-4885-a234-4fb8f7612b8e",
            "1bd785d4-36a8-4ab8-bfd9-f53c94b8670d",
            "dc318632-1661-414d-9f4e-cf6ee91b0daf",
            "bfc8c1f1-f818-40e9-960c-18aecd2ac62d"
          ],
          "duration": 251,
          "root": false,
          "rootEmpty": false,
          "_timeout": 2000
        },
        {
          "uuid": "7b3a82c2-9ffa-4983-8de9-ccf606da9ee1",
          "title": "11 - Limite o tamanho mínimo e máximo do board.",
          "fullFile": "",
          "file": "",
          "beforeHooks": [],
          "afterHooks": [],
          "tests": [
            {
              "title": "Verifica se a altura máxima do board é 50",
              "fullTitle": "11 - Limite o tamanho mínimo e máximo do board. Verifica se a altura máxima do board é 50",
              "timedOut": null,
              "duration": 193,
              "state": "failed",
              "speed": null,
              "pass": false,
              "fail": true,
              "pending": false,
              "context": null,
              "code": "cy.get('#board-size').clear().type(50);\ncy.get('#generate-board').click();\ncy.get('.pixel').should('have.length', 2500);",
              "err": {
                "message": "CypressError: cy.visit() failed trying to load:\n\n./index.html\n\nWe failed looking for this file at the path:\n\n/home/alexsander/Documents/trybe-projets/sd-013-b-project-pixels-art/index.html\n\nThe internal Cypress web server responded with:\n\n  > 404: Not Found\n\nBecause this error occurred during a 'before each' hook we are skipping the remaining tests in the current suite: '11 - Limite o tamanho mínim...'",
                "estack": "CypressError: cy.visit() failed trying to load:\n\n./index.html\n\nWe failed looking for this file at the path:\n\n/home/alexsander/Documents/trybe-projets/sd-013-b-project-pixels-art/index.html\n\nThe internal Cypress web server responded with:\n\n  > 404: Not Found\n\nBecause this error occurred during a 'before each' hook we are skipping the remaining tests in the current suite: '11 - Limite o tamanho mínim...'\n    at cypressErr (http://localhost:33443/__cypress/runner/cypress_runner.js:149934:9)\n    at throwErr (http://localhost:33443/__cypress/runner/cypress_runner.js:149867:11)\n    at Object.throwErrByPath (http://localhost:33443/__cypress/runner/cypress_runner.js:149915:3)\n    at http://localhost:33443/__cypress/runner/cypress_runner.js:138814:34\n    at visitFailedByErr (http://localhost:33443/__cypress/runner/cypress_runner.js:138327:12)\n    at http://localhost:33443/__cypress/runner/cypress_runner.js:138795:22\n    at tryCatcher (http://localhost:33443/__cypress/runner/cypress_runner.js:167415:23)\n    at Promise._settlePromiseFromHandler (http://localhost:33443/__cypress/runner/cypress_runner.js:165351:31)\n    at Promise._settlePromise (http://localhost:33443/__cypress/runner/cypress_runner.js:165408:18)\n    at Promise._settlePromise0 (http://localhost:33443/__cypress/runner/cypress_runner.js:165453:10)\n    at Promise._settlePromises (http://localhost:33443/__cypress/runner/cypress_runner.js:165528:18)\n    at Async../node_modules/bluebird/js/release/async.js.Async._drainQueue (http://localhost:33443/__cypress/runner/cypress_runner.js:162140:16)\n    at Async../node_modules/bluebird/js/release/async.js.Async._drainQueues (http://localhost:33443/__cypress/runner/cypress_runner.js:162150:10)\n    at Async.drainQueues (http://localhost:33443/__cypress/runner/cypress_runner.js:162024:14)",
                "diff": null
              },
              "uuid": "bfc192fa-2b23-4f94-ba8a-0cf4f2ebef37",
              "parentUUID": "7b3a82c2-9ffa-4983-8de9-ccf606da9ee1",
              "isHook": false,
              "skipped": false
            },
            {
              "title": "Verifica se a altura do board é 5 quando um valor menor é colocado no input",
              "fullTitle": "11 - Limite o tamanho mínimo e máximo do board. Verifica se a altura do board é 5 quando um valor menor é colocado no input",
              "timedOut": null,
              "duration": 0,
              "state": "skipped",
              "speed": null,
              "pass": false,
              "fail": false,
              "pending": false,
              "context": null,
              "code": "cy.get('#board-size').clear().type(4);\ncy.get('#generate-board').click();\ncy.get('.pixel').should('have.length', 25);",
              "err": {},
              "uuid": "8b265c49-42c2-43dc-8a81-e32043797625",
              "parentUUID": "7b3a82c2-9ffa-4983-8de9-ccf606da9ee1",
              "isHook": false,
              "skipped": true
            },
            {
              "title": "Verifica se a altura do board é 50 quando um valor maior é colocado no input",
              "fullTitle": "11 - Limite o tamanho mínimo e máximo do board. Verifica se a altura do board é 50 quando um valor maior é colocado no input",
              "timedOut": null,
              "duration": 0,
              "state": "skipped",
              "speed": null,
              "pass": false,
              "fail": false,
              "pending": false,
              "context": null,
              "code": "cy.get('#board-size').clear().type(51);\ncy.get('#generate-board').click();\ncy.get('.pixel').should('have.length', 2500);",
              "err": {},
              "uuid": "3a8c477b-1074-47cd-87c8-0a5ac2e12f8f",
              "parentUUID": "7b3a82c2-9ffa-4983-8de9-ccf606da9ee1",
              "isHook": false,
              "skipped": true
            }
          ],
          "suites": [],
          "passes": [],
          "failures": [
            "bfc192fa-2b23-4f94-ba8a-0cf4f2ebef37"
          ],
          "pending": [],
          "skipped": [
            "8b265c49-42c2-43dc-8a81-e32043797625",
            "3a8c477b-1074-47cd-87c8-0a5ac2e12f8f"
          ],
          "duration": 193,
          "root": false,
          "rootEmpty": false,
          "_timeout": 2000
        },
        {
          "uuid": "126abeb9-b789-4fd1-9808-d516668ea9d7",
          "title": "12 - Faça com que as cores da paleta sejam geradas aleatoriamente ao carregar a página.",
          "fullFile": "",
          "file": "",
          "beforeHooks": [],
          "afterHooks": [],
          "tests": [
            {
              "title": "Verifica se as cores geradas na paleta são diferentes a cada carregamento da página",
              "fullTitle": "12 - Faça com que as cores da paleta sejam geradas aleatoriamente ao carregar a página. Verifica se as cores geradas na paleta são diferentes a cada carregamento da página",
              "timedOut": null,
              "duration": 185,
              "state": "failed",
              "speed": null,
              "pass": false,
              "fail": true,
              "pending": false,
              "context": null,
              "code": "cy.get('.color').then(function (colors) {\n  var currentColors;\n  var previousColors;\n  previousColors = Array.from(colors).map(function (color) {\n    return Cypress.$(color).css('background-color');\n  });\n  for (var i = 0; i < 5; i += 1) {\n    cy.reload();\n    cy.get('.color').then(function (colors) {\n      currentColors = Array.from(colors).map(function (color) {\n        return Cypress.$(color).css('background-color');\n      });\n      expect(currentColors).not.to.deep.equal(previousColors);\n      previousColors = currentColors;\n    });\n  }\n});",
              "err": {
                "message": "CypressError: cy.visit() failed trying to load:\n\n./index.html\n\nWe failed looking for this file at the path:\n\n/home/alexsander/Documents/trybe-projets/sd-013-b-project-pixels-art/index.html\n\nThe internal Cypress web server responded with:\n\n  > 404: Not Found\n\nBecause this error occurred during a 'before each' hook we are skipping the remaining tests in the current suite: '12 - Faça com que as cores ...'",
                "estack": "CypressError: cy.visit() failed trying to load:\n\n./index.html\n\nWe failed looking for this file at the path:\n\n/home/alexsander/Documents/trybe-projets/sd-013-b-project-pixels-art/index.html\n\nThe internal Cypress web server responded with:\n\n  > 404: Not Found\n\nBecause this error occurred during a 'before each' hook we are skipping the remaining tests in the current suite: '12 - Faça com que as cores ...'\n    at cypressErr (http://localhost:33443/__cypress/runner/cypress_runner.js:149934:9)\n    at throwErr (http://localhost:33443/__cypress/runner/cypress_runner.js:149867:11)\n    at Object.throwErrByPath (http://localhost:33443/__cypress/runner/cypress_runner.js:149915:3)\n    at http://localhost:33443/__cypress/runner/cypress_runner.js:138814:34\n    at visitFailedByErr (http://localhost:33443/__cypress/runner/cypress_runner.js:138327:12)\n    at http://localhost:33443/__cypress/runner/cypress_runner.js:138795:22\n    at tryCatcher (http://localhost:33443/__cypress/runner/cypress_runner.js:167415:23)\n    at Promise._settlePromiseFromHandler (http://localhost:33443/__cypress/runner/cypress_runner.js:165351:31)\n    at Promise._settlePromise (http://localhost:33443/__cypress/runner/cypress_runner.js:165408:18)\n    at Promise._settlePromise0 (http://localhost:33443/__cypress/runner/cypress_runner.js:165453:10)\n    at Promise._settlePromises (http://localhost:33443/__cypress/runner/cypress_runner.js:165528:18)\n    at Async../node_modules/bluebird/js/release/async.js.Async._drainQueue (http://localhost:33443/__cypress/runner/cypress_runner.js:162140:16)\n    at Async../node_modules/bluebird/js/release/async.js.Async._drainQueues (http://localhost:33443/__cypress/runner/cypress_runner.js:162150:10)\n    at Async.drainQueues (http://localhost:33443/__cypress/runner/cypress_runner.js:162024:14)",
                "diff": null
              },
              "uuid": "7bb6e53d-9e6d-4ba4-8d05-867bf75e2574",
              "parentUUID": "126abeb9-b789-4fd1-9808-d516668ea9d7",
              "isHook": false,
              "skipped": false
            },
            {
              "title": "Verifica se a cor preta ainda está presente e é a primeira na sua paleta de cores",
              "fullTitle": "12 - Faça com que as cores da paleta sejam geradas aleatoriamente ao carregar a página. Verifica se a cor preta ainda está presente e é a primeira na sua paleta de cores",
              "timedOut": null,
              "duration": 0,
              "state": "skipped",
              "speed": null,
              "pass": false,
              "fail": false,
              "pending": false,
              "context": null,
              "code": "cy.get('.color').then(function (colors) {\n  var currentColors;\n  var previousColors;\n  previousColors = Array.from(colors).map(function (color) {\n    return Cypress.$(color).css('background-color');\n  });\n  expect(previousColors[0]).to.eq(BLACK);\n  for (var i = 0; i < 5; i += 1) {\n    cy.reload();\n    cy.get('.color').then(function (colors) {\n      currentColors = Array.from(colors).map(function (color) {\n        return Cypress.$(color).css('background-color');\n      });\n      expect(currentColors[0]).to.eq(BLACK);\n      expect(currentColors).not.to.deep.equal(previousColors);\n      previousColors = currentColors;\n    });\n  }\n});",
              "err": {},
              "uuid": "1447c51f-fd54-4d05-bb16-2323c143a830",
              "parentUUID": "126abeb9-b789-4fd1-9808-d516668ea9d7",
              "isHook": false,
              "skipped": true
            }
          ],
          "suites": [],
          "passes": [],
          "failures": [
            "7bb6e53d-9e6d-4ba4-8d05-867bf75e2574"
          ],
          "pending": [],
          "skipped": [
            "1447c51f-fd54-4d05-bb16-2323c143a830"
          ],
          "duration": 185,
          "root": false,
          "rootEmpty": false,
          "_timeout": 2000
        }
      ],
      "passes": [],
      "failures": [],
      "pending": [],
      "skipped": [],
      "duration": 0,
      "root": true,
      "rootEmpty": true,
      "_timeout": 2000
    }
  ],
  "meta": {
    "mocha": {
      "version": "7.0.1"
    },
    "mochawesome": {
      "options": {
        "quiet": false,
        "reportFilename": "mochawesome",
        "saveHtml": false,
        "saveJson": true,
        "consoleReporter": "spec",
        "useInlineDiffs": false
      },
      "version": "4.1.0"
    },
    "marge": {
      "options": {
        "id": "default",
        "reportDir": "cypress/reports",
        "overwrite": true,
        "html": false,
        "json": true
      },
      "version": "4.1.0"
    }
  }
}