{
  "stats": {
    "suites": 12,
    "tests": 41,
    "passes": 5,
    "pending": 0,
    "failures": 36,
    "start": "2021-06-02T18:52:14.411Z",
    "end": "2021-06-02T18:54:48.003Z",
    "duration": 153592,
    "testsRegistered": 41,
    "passPercent": 12.195121951219512,
    "pendingPercent": 0,
    "other": 0,
    "hasOther": false,
    "skipped": 0,
    "hasSkipped": false
  },
  "results": [
    {
      "uuid": "77123cb3-e97d-4b94-8cb6-d79d12b6655e",
      "title": "",
      "fullFile": "cypress/integration/project.spec.js",
      "file": "cypress/integration/project.spec.js",
      "beforeHooks": [],
      "afterHooks": [],
      "tests": [],
      "suites": [
        {
          "uuid": "ad83be44-5e71-4693-9bce-904b8e0b4c67",
          "title": "1 - Adicione à página o título \"Paleta de Cores\".",
          "fullFile": "",
          "file": "",
          "beforeHooks": [],
          "afterHooks": [],
          "tests": [
            {
              "title": "Verifica se contém um elemento `h1` com o id `title` com o título correto",
              "fullTitle": "1 - Adicione à página o título \"Paleta de Cores\". Verifica se contém um elemento `h1` com o id `title` com o título correto",
              "timedOut": null,
              "duration": 180,
              "state": "passed",
              "speed": "slow",
              "pass": true,
              "fail": false,
              "pending": false,
              "context": null,
              "code": "cy.get('h1#title').should('contain.text', 'Paleta de Cores');",
              "err": {},
              "uuid": "5f7eb511-a003-413f-a3fa-d1c8ea1412de",
              "parentUUID": "ad83be44-5e71-4693-9bce-904b8e0b4c67",
              "isHook": false,
              "skipped": false
            }
          ],
          "suites": [],
          "passes": [
            "5f7eb511-a003-413f-a3fa-d1c8ea1412de"
          ],
          "failures": [],
          "pending": [],
          "skipped": [],
          "duration": 180,
          "root": false,
          "rootEmpty": false,
          "_timeout": 2000
        },
        {
          "uuid": "e9a15004-702a-4c46-be6f-9aa49452c124",
          "title": "2 - Adicione à página uma paleta de quatro cores distintas.",
          "fullFile": "",
          "file": "",
          "beforeHooks": [],
          "afterHooks": [],
          "tests": [
            {
              "title": "A paleta de cores deve ser um elemento com `id` denominado `color-palette`",
              "fullTitle": "2 - Adicione à página uma paleta de quatro cores distintas. A paleta de cores deve ser um elemento com `id` denominado `color-palette`",
              "timedOut": null,
              "duration": 200,
              "state": "passed",
              "speed": "slow",
              "pass": true,
              "fail": false,
              "pending": false,
              "context": null,
              "code": "cy.get('#color-palette').should('be.visible');",
              "err": {},
              "uuid": "eed33cee-bbb1-43cd-9aed-5a4eec77d64f",
              "parentUUID": "e9a15004-702a-4c46-be6f-9aa49452c124",
              "isHook": false,
              "skipped": false
            },
            {
              "title": "Verifica se cada cor individual da paleta de cores possui a `classe` chamada `color`.",
              "fullTitle": "2 - Adicione à página uma paleta de quatro cores distintas. Verifica se cada cor individual da paleta de cores possui a `classe` chamada `color`.",
              "timedOut": null,
              "duration": 4302,
              "state": "failed",
              "speed": null,
              "pass": false,
              "fail": true,
              "pending": false,
              "context": null,
              "code": "cy.get('.color').should('have.length', 4).then(function (colors) {\n  for (var i = 0; i < colors.length; i++) {\n    cy.wrap(colors[i]).should('be.visible');\n  }\n});",
              "err": {
                "message": "CypressError: Timed out retrying: Too many elements found. Found '6', expected '4'.",
                "estack": "CypressError: Timed out retrying: Too many elements found. Found '6', expected '4'.\n    at cypressErr (http://localhost:37443/__cypress/runner/cypress_runner.js:149934:9)\n    at throwErr (http://localhost:37443/__cypress/runner/cypress_runner.js:149867:11)\n    at Object.throwErrByPath (http://localhost:37443/__cypress/runner/cypress_runner.js:149915:3)\n    at retry (http://localhost:37443/__cypress/runner/cypress_runner.js:144197:19)\n    at onFailFn (http://localhost:37443/__cypress/runner/cypress_runner.js:132448:16)\n    at tryCatcher (http://localhost:37443/__cypress/runner/cypress_runner.js:167415:23)\n    at Promise._settlePromiseFromHandler (http://localhost:37443/__cypress/runner/cypress_runner.js:165351:31)\n    at Promise._settlePromise (http://localhost:37443/__cypress/runner/cypress_runner.js:165408:18)\n    at Promise._settlePromise0 (http://localhost:37443/__cypress/runner/cypress_runner.js:165453:10)\n    at Promise._settlePromises (http://localhost:37443/__cypress/runner/cypress_runner.js:165528:18)\n    at Async../node_modules/bluebird/js/release/async.js.Async._drainQueue (http://localhost:37443/__cypress/runner/cypress_runner.js:162140:16)\n    at Async../node_modules/bluebird/js/release/async.js.Async._drainQueues (http://localhost:37443/__cypress/runner/cypress_runner.js:162150:10)\n    at Async.drainQueues (http://localhost:37443/__cypress/runner/cypress_runner.js:162024:14)",
                "diff": null
              },
              "uuid": "9a785368-8c07-4fa3-95fd-7ad71a0c66c6",
              "parentUUID": "e9a15004-702a-4c46-be6f-9aa49452c124",
              "isHook": false,
              "skipped": false
            },
            {
              "title": "Verifica se a cor de fundo de cada elemento da paleta é a cor que o elemento representa. **A única cor não permitida na paleta é a cor branca.**",
              "fullTitle": "2 - Adicione à página uma paleta de quatro cores distintas. Verifica se a cor de fundo de cada elemento da paleta é a cor que o elemento representa. **A única cor não permitida na paleta é a cor branca.**",
              "timedOut": null,
              "duration": 325,
              "state": "passed",
              "speed": "slow",
              "pass": true,
              "fail": false,
              "pending": false,
              "context": null,
              "code": "cy.get('.color').each(function (color) {\n  cy.wrap(color).should('have.class', 'color').and('not.have.css', 'background-color', WHITE);\n  cy.wrap(color).should('have.css', 'background-color');\n});",
              "err": {},
              "uuid": "b4f93253-8fac-45e1-a6eb-4e249e0c9910",
              "parentUUID": "e9a15004-702a-4c46-be6f-9aa49452c124",
              "isHook": false,
              "skipped": false
            },
            {
              "title": "Verifica se cada elemento da paleta de cores tem uma borda preta, sólida e com 1 pixel de largura;",
              "fullTitle": "2 - Adicione à página uma paleta de quatro cores distintas. Verifica se cada elemento da paleta de cores tem uma borda preta, sólida e com 1 pixel de largura;",
              "timedOut": null,
              "duration": 4425,
              "state": "failed",
              "speed": null,
              "pass": false,
              "fail": true,
              "pending": false,
              "context": null,
              "code": "cy.get('.color').each(function (color) {\n  cy.wrap(color).and('have.css', 'border', \"1px solid \".concat(BLACK)).and('have.class', 'color');\n});",
              "err": {
                "message": "CypressError: Timed out retrying: expected '<div.tr.color>' to have CSS property 'border' with the value '1px solid rgb(0, 0, 0)', but the value was '0px none rgb(0, 0, 0)'",
                "estack": "CypressError: Timed out retrying: expected '<div.tr.color>' to have CSS property 'border' with the value '1px solid rgb(0, 0, 0)', but the value was '0px none rgb(0, 0, 0)'\n    at cypressErr (http://localhost:37443/__cypress/runner/cypress_runner.js:149934:9)\n    at throwErr (http://localhost:37443/__cypress/runner/cypress_runner.js:149867:11)\n    at Object.throwErrByPath (http://localhost:37443/__cypress/runner/cypress_runner.js:149915:3)\n    at retry (http://localhost:37443/__cypress/runner/cypress_runner.js:144197:19)\n    at onFailFn (http://localhost:37443/__cypress/runner/cypress_runner.js:132448:16)\n    at tryCatcher (http://localhost:37443/__cypress/runner/cypress_runner.js:167415:23)\n    at Promise._settlePromiseFromHandler (http://localhost:37443/__cypress/runner/cypress_runner.js:165351:31)\n    at Promise._settlePromise (http://localhost:37443/__cypress/runner/cypress_runner.js:165408:18)\n    at Promise._settlePromise0 (http://localhost:37443/__cypress/runner/cypress_runner.js:165453:10)\n    at Promise._settlePromises (http://localhost:37443/__cypress/runner/cypress_runner.js:165528:18)\n    at Async../node_modules/bluebird/js/release/async.js.Async._drainQueue (http://localhost:37443/__cypress/runner/cypress_runner.js:162140:16)\n    at Async../node_modules/bluebird/js/release/async.js.Async._drainQueues (http://localhost:37443/__cypress/runner/cypress_runner.js:162150:10)\n    at Async.drainQueues (http://localhost:37443/__cypress/runner/cypress_runner.js:162024:14)",
                "diff": null
              },
              "uuid": "58a4bf03-1984-41ef-a113-f3ab198e36b0",
              "parentUUID": "e9a15004-702a-4c46-be6f-9aa49452c124",
              "isHook": false,
              "skipped": false
            },
            {
              "title": "Verifica se a paleta lista todas as cores disponíveis para utilização, lado a lado.",
              "fullTitle": "2 - Adicione à página uma paleta de quatro cores distintas. Verifica se a paleta lista todas as cores disponíveis para utilização, lado a lado.",
              "timedOut": null,
              "duration": 4398,
              "state": "failed",
              "speed": null,
              "pass": false,
              "fail": true,
              "pending": false,
              "context": null,
              "code": "cy.get('.color').then(function (colors) {\n  for (var index = 1; index < colors.length; index += 1) {\n    var currentColor = colors[index];\n    var previousColor = colors[index - 1];\n    cy.wrap(currentColor).should('be.onTheRightOf', previousColor).and('be.horizontallyAlignedWith', previousColor);\n  }\n});",
              "err": {
                "message": "CypressError: Timed out retrying: expected '<div.tr.color>' to be on the right of <div class=\"tr color\"><div class=\"td box\"></div><div class=\"td box\"></div><div class=\"td box\"></div><div class=\"td box\"></div></div>",
                "estack": "CypressError: Timed out retrying: expected '<div.tr.color>' to be on the right of <div class=\"tr color\"><div class=\"td box\"></div><div class=\"td box\"></div><div class=\"td box\"></div><div class=\"td box\"></div></div>\n    at cypressErr (http://localhost:37443/__cypress/runner/cypress_runner.js:149934:9)\n    at throwErr (http://localhost:37443/__cypress/runner/cypress_runner.js:149867:11)\n    at Object.throwErrByPath (http://localhost:37443/__cypress/runner/cypress_runner.js:149915:3)\n    at retry (http://localhost:37443/__cypress/runner/cypress_runner.js:144197:19)\n    at onFailFn (http://localhost:37443/__cypress/runner/cypress_runner.js:132448:16)\n    at tryCatcher (http://localhost:37443/__cypress/runner/cypress_runner.js:167415:23)\n    at Promise._settlePromiseFromHandler (http://localhost:37443/__cypress/runner/cypress_runner.js:165351:31)\n    at Promise._settlePromise (http://localhost:37443/__cypress/runner/cypress_runner.js:165408:18)\n    at Promise._settlePromise0 (http://localhost:37443/__cypress/runner/cypress_runner.js:165453:10)\n    at Promise._settlePromises (http://localhost:37443/__cypress/runner/cypress_runner.js:165528:18)\n    at Async../node_modules/bluebird/js/release/async.js.Async._drainQueue (http://localhost:37443/__cypress/runner/cypress_runner.js:162140:16)\n    at Async../node_modules/bluebird/js/release/async.js.Async._drainQueues (http://localhost:37443/__cypress/runner/cypress_runner.js:162150:10)\n    at Async.drainQueues (http://localhost:37443/__cypress/runner/cypress_runner.js:162024:14)",
                "diff": null
              },
              "uuid": "4f088eb0-3c43-4629-ab98-bb2b6ed7e4ab",
              "parentUUID": "e9a15004-702a-4c46-be6f-9aa49452c124",
              "isHook": false,
              "skipped": false
            },
            {
              "title": "Verifica se a paleta de cores está posicionada abaixo do título 'Paleta de Cores'",
              "fullTitle": "2 - Adicione à página uma paleta de quatro cores distintas. Verifica se a paleta de cores está posicionada abaixo do título 'Paleta de Cores'",
              "timedOut": null,
              "duration": 214,
              "state": "passed",
              "speed": "slow",
              "pass": true,
              "fail": false,
              "pending": false,
              "context": null,
              "code": "cy.get('h1#title').then(function (title) {\n  cy.get('#color-palette').should('be.belowOf', title);\n});",
              "err": {},
              "uuid": "2a61787b-6825-4399-9545-7fe5ea2a1eeb",
              "parentUUID": "e9a15004-702a-4c46-be6f-9aa49452c124",
              "isHook": false,
              "skipped": false
            },
            {
              "title": "Verifica se a paleta de cores não contém cores repetidas.",
              "fullTitle": "2 - Adicione à página uma paleta de quatro cores distintas. Verifica se a paleta de cores não contém cores repetidas.",
              "timedOut": null,
              "duration": 327,
              "state": "failed",
              "speed": null,
              "pass": false,
              "fail": true,
              "pending": false,
              "context": null,
              "code": "cy.get('.color').then(function (colors) {\n  var allColors = Array.from(colors).map(function (color) {\n    return Cypress.$(color).css('background-color');\n  });\n  cy.log(allColors);\n  var uniqColors = (0, _toConsumableArray2[\"default\"])(new Set(allColors));\n  cy.log(uniqColors);\n  expect(allColors.length).to.eq(uniqColors.length);\n});",
              "err": {
                "message": "AssertionError: expected 6 to equal 1",
                "estack": "AssertionError: expected 6 to equal 1\n    at getRet (http://localhost:37443/__cypress/runner/cypress_runner.js:136585:16)\n    at tryCatcher (http://localhost:37443/__cypress/runner/cypress_runner.js:167415:23)\n    at Function.Promise.attempt.Promise.try (http://localhost:37443/__cypress/runner/cypress_runner.js:164690:29)\n    at Context.thenFn (http://localhost:37443/__cypress/runner/cypress_runner.js:136599:23)\n    at Context.then (http://localhost:37443/__cypress/runner/cypress_runner.js:136971:21)\n    at Context.<anonymous> (http://localhost:37443/__cypress/runner/cypress_runner.js:148875:21)\n    at http://localhost:37443/__cypress/runner/cypress_runner.js:148351:33\n    at tryCatcher (http://localhost:37443/__cypress/runner/cypress_runner.js:167415:23)\n    at Promise._settlePromiseFromHandler (http://localhost:37443/__cypress/runner/cypress_runner.js:165351:31)\n    at Promise._settlePromise (http://localhost:37443/__cypress/runner/cypress_runner.js:165408:18)\n    at Promise._settlePromiseCtx (http://localhost:37443/__cypress/runner/cypress_runner.js:165445:10)\n    at Async../node_modules/bluebird/js/release/async.js.Async._drainQueue (http://localhost:37443/__cypress/runner/cypress_runner.js:162145:12)\n    at Async../node_modules/bluebird/js/release/async.js.Async._drainQueues (http://localhost:37443/__cypress/runner/cypress_runner.js:162150:10)\n    at Async.drainQueues (http://localhost:37443/__cypress/runner/cypress_runner.js:162024:14)",
                "diff": "- 6\n+ 1\n"
              },
              "uuid": "8ec45ecb-80d8-479c-8f2d-31008687eb95",
              "parentUUID": "e9a15004-702a-4c46-be6f-9aa49452c124",
              "isHook": false,
              "skipped": false
            }
          ],
          "suites": [],
          "passes": [
            "eed33cee-bbb1-43cd-9aed-5a4eec77d64f",
            "b4f93253-8fac-45e1-a6eb-4e249e0c9910",
            "2a61787b-6825-4399-9545-7fe5ea2a1eeb"
          ],
          "failures": [
            "9a785368-8c07-4fa3-95fd-7ad71a0c66c6",
            "58a4bf03-1984-41ef-a113-f3ab198e36b0",
            "4f088eb0-3c43-4629-ab98-bb2b6ed7e4ab",
            "8ec45ecb-80d8-479c-8f2d-31008687eb95"
          ],
          "pending": [],
          "skipped": [],
          "duration": 14191,
          "root": false,
          "rootEmpty": false,
          "_timeout": 2000
        },
        {
          "uuid": "815b6287-355b-4d34-ad29-8ed0a9b91b73",
          "title": "3 - Adicione a cor **preta** como a primeira cor da paleta de cores.",
          "fullFile": "",
          "file": "",
          "beforeHooks": [],
          "afterHooks": [],
          "tests": [
            {
              "title": "Verifica se a primeira cor da paleta é preta",
              "fullTitle": "3 - Adicione a cor **preta** como a primeira cor da paleta de cores. Verifica se a primeira cor da paleta é preta",
              "timedOut": null,
              "duration": 4311,
              "state": "failed",
              "speed": null,
              "pass": false,
              "fail": true,
              "pending": false,
              "context": null,
              "code": "cy.get('.color').first().should('have.css', 'background-color', BLACK);",
              "err": {
                "message": "CypressError: Timed out retrying: expected '<div.tr.color>' to have CSS property 'background-color' with the value 'rgb(0, 0, 0)', but the value was 'rgba(0, 0, 0, 0)'",
                "estack": "CypressError: Timed out retrying: expected '<div.tr.color>' to have CSS property 'background-color' with the value 'rgb(0, 0, 0)', but the value was 'rgba(0, 0, 0, 0)'\n    at cypressErr (http://localhost:37443/__cypress/runner/cypress_runner.js:149934:9)\n    at throwErr (http://localhost:37443/__cypress/runner/cypress_runner.js:149867:11)\n    at Object.throwErrByPath (http://localhost:37443/__cypress/runner/cypress_runner.js:149915:3)\n    at retry (http://localhost:37443/__cypress/runner/cypress_runner.js:144197:19)\n    at onFailFn (http://localhost:37443/__cypress/runner/cypress_runner.js:132448:16)\n    at tryCatcher (http://localhost:37443/__cypress/runner/cypress_runner.js:167415:23)\n    at Promise._settlePromiseFromHandler (http://localhost:37443/__cypress/runner/cypress_runner.js:165351:31)\n    at Promise._settlePromise (http://localhost:37443/__cypress/runner/cypress_runner.js:165408:18)\n    at Promise._settlePromise0 (http://localhost:37443/__cypress/runner/cypress_runner.js:165453:10)\n    at Promise._settlePromises (http://localhost:37443/__cypress/runner/cypress_runner.js:165528:18)\n    at Async../node_modules/bluebird/js/release/async.js.Async._drainQueue (http://localhost:37443/__cypress/runner/cypress_runner.js:162140:16)\n    at Async../node_modules/bluebird/js/release/async.js.Async._drainQueues (http://localhost:37443/__cypress/runner/cypress_runner.js:162150:10)\n    at Async.drainQueues (http://localhost:37443/__cypress/runner/cypress_runner.js:162024:14)",
                "diff": null
              },
              "uuid": "ccf5a48e-3aae-4cd5-b5cb-0ea1485d5ada",
              "parentUUID": "815b6287-355b-4d34-ad29-8ed0a9b91b73",
              "isHook": false,
              "skipped": false
            },
            {
              "title": "Verifica se as demais cores podem ser escolhidas livremente.",
              "fullTitle": "3 - Adicione a cor **preta** como a primeira cor da paleta de cores. Verifica se as demais cores podem ser escolhidas livremente.",
              "timedOut": null,
              "duration": 4577,
              "state": "failed",
              "speed": null,
              "pass": false,
              "fail": true,
              "pending": false,
              "context": null,
              "code": "cy.get('.color').eq(1).should('not.have.css', 'background-color', BLACK);\ncy.get('.color').eq(1).should('not.have.css', 'background-color', WHITE);\ncy.get('.color').eq(1).should('not.have.css', 'background-color', 'rgba(0, 0, 0, 0)');\ncy.get('.color').eq(1).should('have.css', 'background-color');\ncy.get('.color').eq(2).should('not.have.css', 'background-color', BLACK);\ncy.get('.color').eq(2).should('not.have.css', 'background-color', WHITE);\ncy.get('.color').eq(2).should('not.have.css', 'background-color', 'rgba(0, 0, 0, 0)');\ncy.get('.color').eq(2).should('have.css', 'background-color');\ncy.get('.color').eq(3).should('not.have.css', 'background-color', BLACK);\ncy.get('.color').eq(3).should('not.have.css', 'background-color', WHITE);\ncy.get('.color').eq(3).should('not.have.css', 'background-color', 'rgba(0, 0, 0, 0)');\ncy.get('.color').eq(3).should('have.css', 'background-color');",
              "err": {
                "message": "CypressError: Timed out retrying: expected '<div.tr.color>' not to have CSS property 'background-color' with the value 'rgba(0, 0, 0, 0)', but the value was 'rgba(0, 0, 0, 0)'",
                "estack": "CypressError: Timed out retrying: expected '<div.tr.color>' not to have CSS property 'background-color' with the value 'rgba(0, 0, 0, 0)', but the value was 'rgba(0, 0, 0, 0)'\n    at cypressErr (http://localhost:37443/__cypress/runner/cypress_runner.js:149934:9)\n    at throwErr (http://localhost:37443/__cypress/runner/cypress_runner.js:149867:11)\n    at Object.throwErrByPath (http://localhost:37443/__cypress/runner/cypress_runner.js:149915:3)\n    at retry (http://localhost:37443/__cypress/runner/cypress_runner.js:144197:19)\n    at onFailFn (http://localhost:37443/__cypress/runner/cypress_runner.js:132448:16)\n    at tryCatcher (http://localhost:37443/__cypress/runner/cypress_runner.js:167415:23)\n    at Promise._settlePromiseFromHandler (http://localhost:37443/__cypress/runner/cypress_runner.js:165351:31)\n    at Promise._settlePromise (http://localhost:37443/__cypress/runner/cypress_runner.js:165408:18)\n    at Promise._settlePromise0 (http://localhost:37443/__cypress/runner/cypress_runner.js:165453:10)\n    at Promise._settlePromises (http://localhost:37443/__cypress/runner/cypress_runner.js:165528:18)\n    at Async../node_modules/bluebird/js/release/async.js.Async._drainQueue (http://localhost:37443/__cypress/runner/cypress_runner.js:162140:16)\n    at Async../node_modules/bluebird/js/release/async.js.Async._drainQueues (http://localhost:37443/__cypress/runner/cypress_runner.js:162150:10)\n    at Async.drainQueues (http://localhost:37443/__cypress/runner/cypress_runner.js:162024:14)",
                "diff": null
              },
              "uuid": "06cc6237-2b5c-4820-b0c0-2d606efa4acf",
              "parentUUID": "815b6287-355b-4d34-ad29-8ed0a9b91b73",
              "isHook": false,
              "skipped": false
            }
          ],
          "suites": [],
          "passes": [],
          "failures": [
            "ccf5a48e-3aae-4cd5-b5cb-0ea1485d5ada",
            "06cc6237-2b5c-4820-b0c0-2d606efa4acf"
          ],
          "pending": [],
          "skipped": [],
          "duration": 8888,
          "root": false,
          "rootEmpty": false,
          "_timeout": 2000
        },
        {
          "uuid": "89a22e83-4121-411b-a7ac-7ab76f19d2c6",
          "title": "4 - Adicione à página um quadro de pixels, com 25 pixels.",
          "fullFile": "",
          "file": "",
          "beforeHooks": [],
          "afterHooks": [],
          "tests": [
            {
              "title": "Verifica se o quadro de pixels possui o `id` denominado `pixel-board`",
              "fullTitle": "4 - Adicione à página um quadro de pixels, com 25 pixels. Verifica se o quadro de pixels possui o `id` denominado `pixel-board`",
              "timedOut": null,
              "duration": 4496,
              "state": "failed",
              "speed": null,
              "pass": false,
              "fail": true,
              "pending": false,
              "context": null,
              "code": "cy.get('#pixel-board').should('be.visible');",
              "err": {
                "message": "CypressError: Timed out retrying: Expected to find element: '#pixel-board', but never found it.",
                "estack": "CypressError: Timed out retrying: Expected to find element: '#pixel-board', but never found it.\n    at cypressErr (http://localhost:37443/__cypress/runner/cypress_runner.js:149934:9)\n    at throwErr (http://localhost:37443/__cypress/runner/cypress_runner.js:149867:11)\n    at Object.throwErrByPath (http://localhost:37443/__cypress/runner/cypress_runner.js:149915:3)\n    at retry (http://localhost:37443/__cypress/runner/cypress_runner.js:144197:19)\n    at onFailFn (http://localhost:37443/__cypress/runner/cypress_runner.js:132448:16)\n    at tryCatcher (http://localhost:37443/__cypress/runner/cypress_runner.js:167415:23)\n    at Promise._settlePromiseFromHandler (http://localhost:37443/__cypress/runner/cypress_runner.js:165351:31)\n    at Promise._settlePromise (http://localhost:37443/__cypress/runner/cypress_runner.js:165408:18)\n    at Promise._settlePromise0 (http://localhost:37443/__cypress/runner/cypress_runner.js:165453:10)\n    at Promise._settlePromises (http://localhost:37443/__cypress/runner/cypress_runner.js:165528:18)\n    at Async../node_modules/bluebird/js/release/async.js.Async._drainQueue (http://localhost:37443/__cypress/runner/cypress_runner.js:162140:16)\n    at Async../node_modules/bluebird/js/release/async.js.Async._drainQueues (http://localhost:37443/__cypress/runner/cypress_runner.js:162150:10)\n    at Async.drainQueues (http://localhost:37443/__cypress/runner/cypress_runner.js:162024:14)",
                "diff": null
              },
              "uuid": "43ab2742-5f29-4c5e-8d33-06bbdbd94c0b",
              "parentUUID": "89a22e83-4121-411b-a7ac-7ab76f19d2c6",
              "isHook": false,
              "skipped": false
            },
            {
              "title": "Verifica se cada pixel individual dentro do quadro possui a `classe` denominada `pixel`.",
              "fullTitle": "4 - Adicione à página um quadro de pixels, com 25 pixels. Verifica se cada pixel individual dentro do quadro possui a `classe` denominada `pixel`.",
              "timedOut": null,
              "duration": 4413,
              "state": "failed",
              "speed": null,
              "pass": false,
              "fail": true,
              "pending": false,
              "context": null,
              "code": "cy.get('.pixel').should('have.length', 25);",
              "err": {
                "message": "CypressError: Timed out retrying: Expected to find element: '.pixel', but never found it.",
                "estack": "CypressError: Timed out retrying: Expected to find element: '.pixel', but never found it.\n    at cypressErr (http://localhost:37443/__cypress/runner/cypress_runner.js:149934:9)\n    at throwErr (http://localhost:37443/__cypress/runner/cypress_runner.js:149867:11)\n    at Object.throwErrByPath (http://localhost:37443/__cypress/runner/cypress_runner.js:149915:3)\n    at retry (http://localhost:37443/__cypress/runner/cypress_runner.js:144197:19)\n    at onFailFn (http://localhost:37443/__cypress/runner/cypress_runner.js:132448:16)\n    at tryCatcher (http://localhost:37443/__cypress/runner/cypress_runner.js:167415:23)\n    at Promise._settlePromiseFromHandler (http://localhost:37443/__cypress/runner/cypress_runner.js:165351:31)\n    at Promise._settlePromise (http://localhost:37443/__cypress/runner/cypress_runner.js:165408:18)\n    at Promise._settlePromise0 (http://localhost:37443/__cypress/runner/cypress_runner.js:165453:10)\n    at Promise._settlePromises (http://localhost:37443/__cypress/runner/cypress_runner.js:165528:18)\n    at Async../node_modules/bluebird/js/release/async.js.Async._drainQueue (http://localhost:37443/__cypress/runner/cypress_runner.js:162140:16)\n    at Async../node_modules/bluebird/js/release/async.js.Async._drainQueues (http://localhost:37443/__cypress/runner/cypress_runner.js:162150:10)\n    at Async.drainQueues (http://localhost:37443/__cypress/runner/cypress_runner.js:162024:14)",
                "diff": null
              },
              "uuid": "43d72ca0-03a1-4159-b11b-486ac89c010d",
              "parentUUID": "89a22e83-4121-411b-a7ac-7ab76f19d2c6",
              "isHook": false,
              "skipped": false
            },
            {
              "title": "Verifica se a cor inicial dos pixels dentro do quadro, ao abrir a página, é branca.",
              "fullTitle": "4 - Adicione à página um quadro de pixels, com 25 pixels. Verifica se a cor inicial dos pixels dentro do quadro, ao abrir a página, é branca.",
              "timedOut": null,
              "duration": 4355,
              "state": "failed",
              "speed": null,
              "pass": false,
              "fail": true,
              "pending": false,
              "context": null,
              "code": "cy.get('.pixel').should('have.length', 25).each(function (pixel) {\n  expect(pixel).to.have.css('background-color', WHITE);\n});",
              "err": {
                "message": "CypressError: Timed out retrying: Expected to find element: '.pixel', but never found it.",
                "estack": "CypressError: Timed out retrying: Expected to find element: '.pixel', but never found it.\n    at cypressErr (http://localhost:37443/__cypress/runner/cypress_runner.js:149934:9)\n    at throwErr (http://localhost:37443/__cypress/runner/cypress_runner.js:149867:11)\n    at Object.throwErrByPath (http://localhost:37443/__cypress/runner/cypress_runner.js:149915:3)\n    at retry (http://localhost:37443/__cypress/runner/cypress_runner.js:144197:19)\n    at onFailFn (http://localhost:37443/__cypress/runner/cypress_runner.js:132448:16)\n    at tryCatcher (http://localhost:37443/__cypress/runner/cypress_runner.js:167415:23)\n    at Promise._settlePromiseFromHandler (http://localhost:37443/__cypress/runner/cypress_runner.js:165351:31)\n    at Promise._settlePromise (http://localhost:37443/__cypress/runner/cypress_runner.js:165408:18)\n    at Promise._settlePromise0 (http://localhost:37443/__cypress/runner/cypress_runner.js:165453:10)\n    at Promise._settlePromises (http://localhost:37443/__cypress/runner/cypress_runner.js:165528:18)\n    at Async../node_modules/bluebird/js/release/async.js.Async._drainQueue (http://localhost:37443/__cypress/runner/cypress_runner.js:162140:16)\n    at Async../node_modules/bluebird/js/release/async.js.Async._drainQueues (http://localhost:37443/__cypress/runner/cypress_runner.js:162150:10)\n    at Async.drainQueues (http://localhost:37443/__cypress/runner/cypress_runner.js:162024:14)",
                "diff": null
              },
              "uuid": "b4a4eafd-529d-41f2-8478-1dac9ff54175",
              "parentUUID": "89a22e83-4121-411b-a7ac-7ab76f19d2c6",
              "isHook": false,
              "skipped": false
            },
            {
              "title": "Verifica se o quadro de pixels aparece abaixo da paleta de cores",
              "fullTitle": "4 - Adicione à página um quadro de pixels, com 25 pixels. Verifica se o quadro de pixels aparece abaixo da paleta de cores",
              "timedOut": null,
              "duration": 4424,
              "state": "failed",
              "speed": null,
              "pass": false,
              "fail": true,
              "pending": false,
              "context": null,
              "code": "cy.get('#color-palette').then(function (palette) {\n  cy.get('#pixel-board').should('be.belowOf', palette);\n});",
              "err": {
                "message": "CypressError: Timed out retrying: Expected to find element: '#pixel-board', but never found it.",
                "estack": "CypressError: Timed out retrying: Expected to find element: '#pixel-board', but never found it.\n    at cypressErr (http://localhost:37443/__cypress/runner/cypress_runner.js:149934:9)\n    at throwErr (http://localhost:37443/__cypress/runner/cypress_runner.js:149867:11)\n    at Object.throwErrByPath (http://localhost:37443/__cypress/runner/cypress_runner.js:149915:3)\n    at retry (http://localhost:37443/__cypress/runner/cypress_runner.js:144197:19)\n    at onFailFn (http://localhost:37443/__cypress/runner/cypress_runner.js:132448:16)\n    at tryCatcher (http://localhost:37443/__cypress/runner/cypress_runner.js:167415:23)\n    at Promise._settlePromiseFromHandler (http://localhost:37443/__cypress/runner/cypress_runner.js:165351:31)\n    at Promise._settlePromise (http://localhost:37443/__cypress/runner/cypress_runner.js:165408:18)\n    at Promise._settlePromise0 (http://localhost:37443/__cypress/runner/cypress_runner.js:165453:10)\n    at Promise._settlePromises (http://localhost:37443/__cypress/runner/cypress_runner.js:165528:18)\n    at Async../node_modules/bluebird/js/release/async.js.Async._drainQueue (http://localhost:37443/__cypress/runner/cypress_runner.js:162140:16)\n    at Async../node_modules/bluebird/js/release/async.js.Async._drainQueues (http://localhost:37443/__cypress/runner/cypress_runner.js:162150:10)\n    at Async.drainQueues (http://localhost:37443/__cypress/runner/cypress_runner.js:162024:14)",
                "diff": null
              },
              "uuid": "cc4180f9-a329-4168-8105-d31c7a166072",
              "parentUUID": "89a22e83-4121-411b-a7ac-7ab76f19d2c6",
              "isHook": false,
              "skipped": false
            }
          ],
          "suites": [],
          "passes": [],
          "failures": [
            "43ab2742-5f29-4c5e-8d33-06bbdbd94c0b",
            "43d72ca0-03a1-4159-b11b-486ac89c010d",
            "b4a4eafd-529d-41f2-8478-1dac9ff54175",
            "cc4180f9-a329-4168-8105-d31c7a166072"
          ],
          "pending": [],
          "skipped": [],
          "duration": 17688,
          "root": false,
          "rootEmpty": false,
          "_timeout": 2000
        },
        {
          "uuid": "bd285a07-b0da-414a-a82a-42383f825da6",
          "title": "5 - Faça com que cada elemento do quadro de pixels possua 40 pixels de largura, 40 pixels de altura e seja delimitado por uma borda preta de 1 pixel.",
          "fullFile": "",
          "file": "",
          "beforeHooks": [],
          "afterHooks": [],
          "tests": [
            {
              "title": "Verifica se o quadro de pixels tem altura e comprimento de 5 elementos",
              "fullTitle": "5 - Faça com que cada elemento do quadro de pixels possua 40 pixels de largura, 40 pixels de altura e seja delimitado por uma borda preta de 1 pixel. Verifica se o quadro de pixels tem altura e comprimento de 5 elementos",
              "timedOut": null,
              "duration": 4448,
              "state": "failed",
              "speed": null,
              "pass": false,
              "fail": true,
              "pending": false,
              "context": null,
              "code": "cy.get('.pixel').should('have.length', 25).each(function (pixel) {\n  expect(pixel).to.have.css('background-color', WHITE);\n}).and(function (pixels) {\n  var rows = chunk(pixels, 5);\n  rows.forEach(function (row) {\n    for (var index = 1; index < row.length; index += 1) {\n      var current = pixels[index];\n      var previous = pixels[index - 1];\n      cy.wrap(current).should('be.onTheRightOf', previous).and('be.horizontallyAlignedWith', previous);\n    }\n  });\n  for (var index = 1; index < 5; index += 1) {\n    expect(pixels[index * 5]).to.be.belowOf(pixels[(index - 1) * 5]);\n  }\n});",
              "err": {
                "message": "CypressError: Timed out retrying: Expected to find element: '.pixel', but never found it.",
                "estack": "CypressError: Timed out retrying: Expected to find element: '.pixel', but never found it.\n    at cypressErr (http://localhost:37443/__cypress/runner/cypress_runner.js:149934:9)\n    at throwErr (http://localhost:37443/__cypress/runner/cypress_runner.js:149867:11)\n    at Object.throwErrByPath (http://localhost:37443/__cypress/runner/cypress_runner.js:149915:3)\n    at retry (http://localhost:37443/__cypress/runner/cypress_runner.js:144197:19)\n    at onFailFn (http://localhost:37443/__cypress/runner/cypress_runner.js:132448:16)\n    at tryCatcher (http://localhost:37443/__cypress/runner/cypress_runner.js:167415:23)\n    at Promise._settlePromiseFromHandler (http://localhost:37443/__cypress/runner/cypress_runner.js:165351:31)\n    at Promise._settlePromise (http://localhost:37443/__cypress/runner/cypress_runner.js:165408:18)\n    at Promise._settlePromise0 (http://localhost:37443/__cypress/runner/cypress_runner.js:165453:10)\n    at Promise._settlePromises (http://localhost:37443/__cypress/runner/cypress_runner.js:165528:18)\n    at Async../node_modules/bluebird/js/release/async.js.Async._drainQueue (http://localhost:37443/__cypress/runner/cypress_runner.js:162140:16)\n    at Async../node_modules/bluebird/js/release/async.js.Async._drainQueues (http://localhost:37443/__cypress/runner/cypress_runner.js:162150:10)\n    at Async.drainQueues (http://localhost:37443/__cypress/runner/cypress_runner.js:162024:14)",
                "diff": null
              },
              "uuid": "89bec2e2-4f9d-4748-a02c-e73f797fc81d",
              "parentUUID": "bd285a07-b0da-414a-a82a-42383f825da6",
              "isHook": false,
              "skipped": false
            },
            {
              "title": "Verifica se 40 pixels é o tamanho total do elemento, incluindo seu conteúdo e excluindo a borda preta, que deve ser criada à parte.",
              "fullTitle": "5 - Faça com que cada elemento do quadro de pixels possua 40 pixels de largura, 40 pixels de altura e seja delimitado por uma borda preta de 1 pixel. Verifica se 40 pixels é o tamanho total do elemento, incluindo seu conteúdo e excluindo a borda preta, que deve ser criada à parte.",
              "timedOut": null,
              "duration": 4553,
              "state": "failed",
              "speed": null,
              "pass": false,
              "fail": true,
              "pending": false,
              "context": null,
              "code": "cy.get('.pixel').each(function (pixel) {\n  cy.wrap(pixel).should('have.css', 'height', '40px').and('have.css', 'width', '40px').and('have.css', 'border', \"1px solid \".concat(BLACK));\n});",
              "err": {
                "message": "CypressError: Timed out retrying: Expected to find element: '.pixel', but never found it.",
                "estack": "CypressError: Timed out retrying: Expected to find element: '.pixel', but never found it.\n    at cypressErr (http://localhost:37443/__cypress/runner/cypress_runner.js:149934:9)\n    at throwErr (http://localhost:37443/__cypress/runner/cypress_runner.js:149867:11)\n    at Object.throwErrByPath (http://localhost:37443/__cypress/runner/cypress_runner.js:149915:3)\n    at retry (http://localhost:37443/__cypress/runner/cypress_runner.js:144197:19)\n    at onFailFn (http://localhost:37443/__cypress/runner/cypress_runner.js:132448:16)\n    at tryCatcher (http://localhost:37443/__cypress/runner/cypress_runner.js:167415:23)\n    at Promise._settlePromiseFromHandler (http://localhost:37443/__cypress/runner/cypress_runner.js:165351:31)\n    at Promise._settlePromise (http://localhost:37443/__cypress/runner/cypress_runner.js:165408:18)\n    at Promise._settlePromise0 (http://localhost:37443/__cypress/runner/cypress_runner.js:165453:10)\n    at Promise._settlePromises (http://localhost:37443/__cypress/runner/cypress_runner.js:165528:18)\n    at Async../node_modules/bluebird/js/release/async.js.Async._drainQueue (http://localhost:37443/__cypress/runner/cypress_runner.js:162140:16)\n    at Async../node_modules/bluebird/js/release/async.js.Async._drainQueues (http://localhost:37443/__cypress/runner/cypress_runner.js:162150:10)\n    at Async.drainQueues (http://localhost:37443/__cypress/runner/cypress_runner.js:162024:14)",
                "diff": null
              },
              "uuid": "17c5a6d7-6dbd-4765-8867-9ff443d60d52",
              "parentUUID": "bd285a07-b0da-414a-a82a-42383f825da6",
              "isHook": false,
              "skipped": false
            }
          ],
          "suites": [],
          "passes": [],
          "failures": [
            "89bec2e2-4f9d-4748-a02c-e73f797fc81d",
            "17c5a6d7-6dbd-4765-8867-9ff443d60d52"
          ],
          "pending": [],
          "skipped": [],
          "duration": 9001,
          "root": false,
          "rootEmpty": false,
          "_timeout": 2000
        },
        {
          "uuid": "cc38b41d-e859-4077-aa6a-c5018b7a2039",
          "title": "6 - Defina a cor preta como cor inicial. Ao carregar a página a cor preta já deve estar selecionada para pintar os pixels",
          "fullFile": "",
          "file": "",
          "beforeHooks": [],
          "afterHooks": [],
          "tests": [
            {
              "title": "Verifica se o elemento da cor preta possui, inicialmente, a `classe` `selected`",
              "fullTitle": "6 - Defina a cor preta como cor inicial. Ao carregar a página a cor preta já deve estar selecionada para pintar os pixels Verifica se o elemento da cor preta possui, inicialmente, a `classe` `selected`",
              "timedOut": null,
              "duration": 4433,
              "state": "failed",
              "speed": null,
              "pass": false,
              "fail": true,
              "pending": false,
              "context": null,
              "code": "cy.get('.selected').first().should('have.css', 'background-color', BLACK);",
              "err": {
                "message": "CypressError: Timed out retrying: Expected to find element: '.selected', but never found it.",
                "estack": "CypressError: Timed out retrying: Expected to find element: '.selected', but never found it.\n    at cypressErr (http://localhost:37443/__cypress/runner/cypress_runner.js:149934:9)\n    at throwErr (http://localhost:37443/__cypress/runner/cypress_runner.js:149867:11)\n    at Object.throwErrByPath (http://localhost:37443/__cypress/runner/cypress_runner.js:149915:3)\n    at retry (http://localhost:37443/__cypress/runner/cypress_runner.js:144197:19)\n    at onFailFn (http://localhost:37443/__cypress/runner/cypress_runner.js:132448:16)\n    at tryCatcher (http://localhost:37443/__cypress/runner/cypress_runner.js:167415:23)\n    at Promise._settlePromiseFromHandler (http://localhost:37443/__cypress/runner/cypress_runner.js:165351:31)\n    at Promise._settlePromise (http://localhost:37443/__cypress/runner/cypress_runner.js:165408:18)\n    at Promise._settlePromise0 (http://localhost:37443/__cypress/runner/cypress_runner.js:165453:10)\n    at Promise._settlePromises (http://localhost:37443/__cypress/runner/cypress_runner.js:165528:18)\n    at Async../node_modules/bluebird/js/release/async.js.Async._drainQueue (http://localhost:37443/__cypress/runner/cypress_runner.js:162140:16)\n    at Async../node_modules/bluebird/js/release/async.js.Async._drainQueues (http://localhost:37443/__cypress/runner/cypress_runner.js:162150:10)\n    at Async.drainQueues (http://localhost:37443/__cypress/runner/cypress_runner.js:162024:14)",
                "diff": null
              },
              "uuid": "d2975449-62c0-4acd-9a53-39d823215161",
              "parentUUID": "cc38b41d-e859-4077-aa6a-c5018b7a2039",
              "isHook": false,
              "skipped": false
            },
            {
              "title": "Verifica se nenhuma outra cor da paleta tem a `classe` `selected`",
              "fullTitle": "6 - Defina a cor preta como cor inicial. Ao carregar a página a cor preta já deve estar selecionada para pintar os pixels Verifica se nenhuma outra cor da paleta tem a `classe` `selected`",
              "timedOut": null,
              "duration": 346,
              "state": "passed",
              "speed": "slow",
              "pass": true,
              "fail": false,
              "pending": false,
              "context": null,
              "code": "cy.get('.color:not(:first-child)').each(function (color) {\n  cy.wrap(color).should('not.have.class', 'selected');\n});",
              "err": {},
              "uuid": "a06d4b50-c8df-400b-b9b4-b4fa75484bd7",
              "parentUUID": "cc38b41d-e859-4077-aa6a-c5018b7a2039",
              "isHook": false,
              "skipped": false
            }
          ],
          "suites": [],
          "passes": [
            "a06d4b50-c8df-400b-b9b4-b4fa75484bd7"
          ],
          "failures": [
            "d2975449-62c0-4acd-9a53-39d823215161"
          ],
          "pending": [],
          "skipped": [],
          "duration": 4779,
          "root": false,
          "rootEmpty": false,
          "_timeout": 2000
        },
        {
          "uuid": "95c13e21-7259-4599-87e1-20ecb561c0d4",
          "title": "7 - Clicar em uma das cores da paleta, faz com que ela seja selecionada e utilizada para preencher os pixels no quadro.",
          "fullFile": "",
          "file": "",
          "beforeHooks": [],
          "afterHooks": [],
          "tests": [
            {
              "title": "Verifica se somente uma cor da paleta de cores tem a classe `selected` de cada vez",
              "fullTitle": "7 - Clicar em uma das cores da paleta, faz com que ela seja selecionada e utilizada para preencher os pixels no quadro. Verifica se somente uma cor da paleta de cores tem a classe `selected` de cada vez",
              "timedOut": null,
              "duration": 4391,
              "state": "failed",
              "speed": null,
              "pass": false,
              "fail": true,
              "pending": false,
              "context": null,
              "code": "cy.get('.color').each(function (selectedColor, selectedColorIndex) {\n  cy.wrap(selectedColor).click();\n  cy.get('.color').each(function (color, colorIndex) {\n    if (colorIndex === selectedColorIndex) {\n      expect(color).to.have[\"class\"]('selected');\n    } else {\n      expect(color).not.to.have[\"class\"]('selected');\n    }\n  });\n});",
              "err": {
                "message": "CypressError: Timed out retrying: cy.click() failed because this element:\n\n<div class=\"tr color\">...</div>\n\nis being covered by another element:\n\n<div id=\"color-palette\">...</div>\n\nFix this problem, or use {force: true} to disable error checking.\n\nhttps://on.cypress.io/element-cannot-be-interacted-with",
                "estack": "CypressError: Timed out retrying: cy.click() failed because this element:\n\n<div class=\"tr color\">...</div>\n\nis being covered by another element:\n\n<div id=\"color-palette\">...</div>\n\nFix this problem, or use {force: true} to disable error checking.\n\nhttps://on.cypress.io/element-cannot-be-interacted-with\n    at cypressErr (http://localhost:37443/__cypress/runner/cypress_runner.js:149934:9)\n    at throwErr (http://localhost:37443/__cypress/runner/cypress_runner.js:149867:11)\n    at Object.throwErrByPath (http://localhost:37443/__cypress/runner/cypress_runner.js:149915:3)\n    at Object.retry (http://localhost:37443/__cypress/runner/cypress_runner.js:144197:19)\n    at retryActionability (http://localhost:37443/__cypress/runner/cypress_runner.js:132052:19)\n    at tryCatcher (http://localhost:37443/__cypress/runner/cypress_runner.js:167415:23)\n    at Function.Promise.attempt.Promise.try (http://localhost:37443/__cypress/runner/cypress_runner.js:164690:29)\n    at tryFn (http://localhost:37443/__cypress/runner/cypress_runner.js:144661:21)\n    at whenStable (http://localhost:37443/__cypress/runner/cypress_runner.js:144696:12)\n    at http://localhost:37443/__cypress/runner/cypress_runner.js:144240:16\n    at tryCatcher (http://localhost:37443/__cypress/runner/cypress_runner.js:167415:23)\n    at Promise._settlePromiseFromHandler (http://localhost:37443/__cypress/runner/cypress_runner.js:165351:31)\n    at Promise._settlePromise (http://localhost:37443/__cypress/runner/cypress_runner.js:165408:18)\n    at Promise._settlePromise0 (http://localhost:37443/__cypress/runner/cypress_runner.js:165453:10)\n    at Promise._settlePromises (http://localhost:37443/__cypress/runner/cypress_runner.js:165532:18)\n    at Promise._fulfill (http://localhost:37443/__cypress/runner/cypress_runner.js:165477:18)",
                "diff": null
              },
              "uuid": "df51f33c-1c6e-489c-a7b9-3c4114edbcac",
              "parentUUID": "95c13e21-7259-4599-87e1-20ecb561c0d4",
              "isHook": false,
              "skipped": false
            },
            {
              "title": "Verifica se os pixels dentro do quadro não têm a classe `selected` quando são clicados",
              "fullTitle": "7 - Clicar em uma das cores da paleta, faz com que ela seja selecionada e utilizada para preencher os pixels no quadro. Verifica se os pixels dentro do quadro não têm a classe `selected` quando são clicados",
              "timedOut": null,
              "duration": 4538,
              "state": "failed",
              "speed": null,
              "pass": false,
              "fail": true,
              "pending": false,
              "context": null,
              "code": "cy.get('.color').each(function (color) {\n  var backgroundColor = color.css('background-color');\n  cy.wrap(color).click();\n  cy.get('.pixel').each(function (pixel) {\n    cy.wrap(pixel).click().should('not.have.class', 'selected');\n  });\n});",
              "err": {
                "message": "CypressError: Timed out retrying: cy.click() failed because this element:\n\n<div class=\"tr color\">...</div>\n\nis being covered by another element:\n\n<div id=\"color-palette\">...</div>\n\nFix this problem, or use {force: true} to disable error checking.\n\nhttps://on.cypress.io/element-cannot-be-interacted-with",
                "estack": "CypressError: Timed out retrying: cy.click() failed because this element:\n\n<div class=\"tr color\">...</div>\n\nis being covered by another element:\n\n<div id=\"color-palette\">...</div>\n\nFix this problem, or use {force: true} to disable error checking.\n\nhttps://on.cypress.io/element-cannot-be-interacted-with\n    at cypressErr (http://localhost:37443/__cypress/runner/cypress_runner.js:149934:9)\n    at throwErr (http://localhost:37443/__cypress/runner/cypress_runner.js:149867:11)\n    at Object.throwErrByPath (http://localhost:37443/__cypress/runner/cypress_runner.js:149915:3)\n    at Object.retry (http://localhost:37443/__cypress/runner/cypress_runner.js:144197:19)\n    at retryActionability (http://localhost:37443/__cypress/runner/cypress_runner.js:132052:19)\n    at tryCatcher (http://localhost:37443/__cypress/runner/cypress_runner.js:167415:23)\n    at Function.Promise.attempt.Promise.try (http://localhost:37443/__cypress/runner/cypress_runner.js:164690:29)\n    at tryFn (http://localhost:37443/__cypress/runner/cypress_runner.js:144661:21)\n    at whenStable (http://localhost:37443/__cypress/runner/cypress_runner.js:144696:12)\n    at http://localhost:37443/__cypress/runner/cypress_runner.js:144240:16\n    at tryCatcher (http://localhost:37443/__cypress/runner/cypress_runner.js:167415:23)\n    at Promise._settlePromiseFromHandler (http://localhost:37443/__cypress/runner/cypress_runner.js:165351:31)\n    at Promise._settlePromise (http://localhost:37443/__cypress/runner/cypress_runner.js:165408:18)\n    at Promise._settlePromise0 (http://localhost:37443/__cypress/runner/cypress_runner.js:165453:10)\n    at Promise._settlePromises (http://localhost:37443/__cypress/runner/cypress_runner.js:165532:18)\n    at Promise._fulfill (http://localhost:37443/__cypress/runner/cypress_runner.js:165477:18)",
                "diff": null
              },
              "uuid": "5be65f47-ff38-4bee-be9d-b475aab370fa",
              "parentUUID": "95c13e21-7259-4599-87e1-20ecb561c0d4",
              "isHook": false,
              "skipped": false
            }
          ],
          "suites": [],
          "passes": [],
          "failures": [
            "df51f33c-1c6e-489c-a7b9-3c4114edbcac",
            "5be65f47-ff38-4bee-be9d-b475aab370fa"
          ],
          "pending": [],
          "skipped": [],
          "duration": 8929,
          "root": false,
          "rootEmpty": false,
          "_timeout": 2000
        },
        {
          "uuid": "0f7961ed-3a6e-4599-b63e-220fe9f8ce0c",
          "title": "8 - Clicar em um pixel dentro do quadro após selecionar uma cor na paleta, faz com que o pixel seja preenchido com a cor selecionada.",
          "fullFile": "",
          "file": "",
          "beforeHooks": [],
          "afterHooks": [],
          "tests": [
            {
              "title": "Verifica se ao carregar a página deve ser possível pintar os pixels de preto",
              "fullTitle": "8 - Clicar em um pixel dentro do quadro após selecionar uma cor na paleta, faz com que o pixel seja preenchido com a cor selecionada. Verifica se ao carregar a página deve ser possível pintar os pixels de preto",
              "timedOut": null,
              "duration": 4573,
              "state": "failed",
              "speed": null,
              "pass": false,
              "fail": true,
              "pending": false,
              "context": null,
              "code": "cy.get('.pixel').each(function (pixel) {\n  cy.wrap(pixel).click().should('have.css', 'background-color', BLACK);\n});",
              "err": {
                "message": "CypressError: Timed out retrying: Expected to find element: '.pixel', but never found it.",
                "estack": "CypressError: Timed out retrying: Expected to find element: '.pixel', but never found it.\n    at cypressErr (http://localhost:37443/__cypress/runner/cypress_runner.js:149934:9)\n    at throwErr (http://localhost:37443/__cypress/runner/cypress_runner.js:149867:11)\n    at Object.throwErrByPath (http://localhost:37443/__cypress/runner/cypress_runner.js:149915:3)\n    at retry (http://localhost:37443/__cypress/runner/cypress_runner.js:144197:19)\n    at onFailFn (http://localhost:37443/__cypress/runner/cypress_runner.js:132448:16)\n    at tryCatcher (http://localhost:37443/__cypress/runner/cypress_runner.js:167415:23)\n    at Promise._settlePromiseFromHandler (http://localhost:37443/__cypress/runner/cypress_runner.js:165351:31)\n    at Promise._settlePromise (http://localhost:37443/__cypress/runner/cypress_runner.js:165408:18)\n    at Promise._settlePromise0 (http://localhost:37443/__cypress/runner/cypress_runner.js:165453:10)\n    at Promise._settlePromises (http://localhost:37443/__cypress/runner/cypress_runner.js:165528:18)\n    at Async../node_modules/bluebird/js/release/async.js.Async._drainQueue (http://localhost:37443/__cypress/runner/cypress_runner.js:162140:16)\n    at Async../node_modules/bluebird/js/release/async.js.Async._drainQueues (http://localhost:37443/__cypress/runner/cypress_runner.js:162150:10)\n    at Async.drainQueues (http://localhost:37443/__cypress/runner/cypress_runner.js:162024:14)",
                "diff": null
              },
              "uuid": "f8f79885-eb74-4941-b2ba-82eed66c2cb2",
              "parentUUID": "0f7961ed-3a6e-4599-b63e-220fe9f8ce0c",
              "isHook": false,
              "skipped": false
            },
            {
              "title": "Verifica se após selecionar uma outra cor na paleta, é possível pintar os pixels com essa cor",
              "fullTitle": "8 - Clicar em um pixel dentro do quadro após selecionar uma cor na paleta, faz com que o pixel seja preenchido com a cor selecionada. Verifica se após selecionar uma outra cor na paleta, é possível pintar os pixels com essa cor",
              "timedOut": null,
              "duration": 4648,
              "state": "failed",
              "speed": null,
              "pass": false,
              "fail": true,
              "pending": false,
              "context": null,
              "code": "cy.get('.color').each(function (color) {\n  var backgroundColor = color.css('background-color');\n  cy.wrap(color).click();\n  cy.get('.pixel').each(function (pixel) {\n    cy.wrap(pixel).click().should('have.css', 'background-color', backgroundColor);\n  });\n});",
              "err": {
                "message": "CypressError: Timed out retrying: cy.click() failed because this element:\n\n<div class=\"tr color\">...</div>\n\nis being covered by another element:\n\n<div id=\"color-palette\">...</div>\n\nFix this problem, or use {force: true} to disable error checking.\n\nhttps://on.cypress.io/element-cannot-be-interacted-with",
                "estack": "CypressError: Timed out retrying: cy.click() failed because this element:\n\n<div class=\"tr color\">...</div>\n\nis being covered by another element:\n\n<div id=\"color-palette\">...</div>\n\nFix this problem, or use {force: true} to disable error checking.\n\nhttps://on.cypress.io/element-cannot-be-interacted-with\n    at cypressErr (http://localhost:37443/__cypress/runner/cypress_runner.js:149934:9)\n    at throwErr (http://localhost:37443/__cypress/runner/cypress_runner.js:149867:11)\n    at Object.throwErrByPath (http://localhost:37443/__cypress/runner/cypress_runner.js:149915:3)\n    at Object.retry (http://localhost:37443/__cypress/runner/cypress_runner.js:144197:19)\n    at retryActionability (http://localhost:37443/__cypress/runner/cypress_runner.js:132052:19)\n    at tryCatcher (http://localhost:37443/__cypress/runner/cypress_runner.js:167415:23)\n    at Function.Promise.attempt.Promise.try (http://localhost:37443/__cypress/runner/cypress_runner.js:164690:29)\n    at tryFn (http://localhost:37443/__cypress/runner/cypress_runner.js:144661:21)\n    at whenStable (http://localhost:37443/__cypress/runner/cypress_runner.js:144696:12)\n    at http://localhost:37443/__cypress/runner/cypress_runner.js:144240:16\n    at tryCatcher (http://localhost:37443/__cypress/runner/cypress_runner.js:167415:23)\n    at Promise._settlePromiseFromHandler (http://localhost:37443/__cypress/runner/cypress_runner.js:165351:31)\n    at Promise._settlePromise (http://localhost:37443/__cypress/runner/cypress_runner.js:165408:18)\n    at Promise._settlePromise0 (http://localhost:37443/__cypress/runner/cypress_runner.js:165453:10)\n    at Promise._settlePromises (http://localhost:37443/__cypress/runner/cypress_runner.js:165532:18)\n    at Promise._fulfill (http://localhost:37443/__cypress/runner/cypress_runner.js:165477:18)",
                "diff": null
              },
              "uuid": "b8d04f02-354e-4b5d-b5f8-4e11d243373e",
              "parentUUID": "0f7961ed-3a6e-4599-b63e-220fe9f8ce0c",
              "isHook": false,
              "skipped": false
            },
            {
              "title": "Verifica se somente o pixel que foi clicado foi preenchido com a cor selecionada, sem influenciar na cor dos demais pixels.",
              "fullTitle": "8 - Clicar em um pixel dentro do quadro após selecionar uma cor na paleta, faz com que o pixel seja preenchido com a cor selecionada. Verifica se somente o pixel que foi clicado foi preenchido com a cor selecionada, sem influenciar na cor dos demais pixels.",
              "timedOut": null,
              "duration": 4619,
              "state": "failed",
              "speed": null,
              "pass": false,
              "fail": true,
              "pending": false,
              "context": null,
              "code": "var colorToPixelIndexMap = {\n  0: 6,\n  1: 8,\n  2: 16,\n  3: 18\n};\ncy.get('.color').each(function (color, index) {\n  cy.wrap(color).click();\n  var backgroundColor = color.css('background-color');\n  var clickedPixelIndex = colorToPixelIndexMap[index];\n  cy.get('.pixel').eq(clickedPixelIndex).click();\n  cy.get('.pixel').eq(clickedPixelIndex - 1).should('not.have.css', 'background-color', backgroundColor);\n  cy.get('.pixel').eq(clickedPixelIndex + 1).should('not.have.css', 'background-color', backgroundColor);\n  cy.get('.pixel').eq(clickedPixelIndex - 5).should('not.have.css', 'background-color', backgroundColor);\n  cy.get('.pixel').eq(clickedPixelIndex + 5).should('not.have.css', 'background-color', backgroundColor);\n  cy.get('.pixel').eq(clickedPixelIndex - 6).should('not.have.css', 'background-color', backgroundColor);\n  cy.get('.pixel').eq(clickedPixelIndex - 4).should('not.have.css', 'background-color', backgroundColor);\n  cy.get('.pixel').eq(clickedPixelIndex + 4).should('not.have.css', 'background-color', backgroundColor);\n  cy.get('.pixel').eq(clickedPixelIndex + 6).should('not.have.css', 'background-color', backgroundColor);\n});",
              "err": {
                "message": "CypressError: Timed out retrying: cy.click() failed because this element:\n\n<div class=\"tr color\">...</div>\n\nis being covered by another element:\n\n<div id=\"color-palette\">...</div>\n\nFix this problem, or use {force: true} to disable error checking.\n\nhttps://on.cypress.io/element-cannot-be-interacted-with",
                "estack": "CypressError: Timed out retrying: cy.click() failed because this element:\n\n<div class=\"tr color\">...</div>\n\nis being covered by another element:\n\n<div id=\"color-palette\">...</div>\n\nFix this problem, or use {force: true} to disable error checking.\n\nhttps://on.cypress.io/element-cannot-be-interacted-with\n    at cypressErr (http://localhost:37443/__cypress/runner/cypress_runner.js:149934:9)\n    at throwErr (http://localhost:37443/__cypress/runner/cypress_runner.js:149867:11)\n    at Object.throwErrByPath (http://localhost:37443/__cypress/runner/cypress_runner.js:149915:3)\n    at Object.retry (http://localhost:37443/__cypress/runner/cypress_runner.js:144197:19)\n    at retryActionability (http://localhost:37443/__cypress/runner/cypress_runner.js:132052:19)\n    at tryCatcher (http://localhost:37443/__cypress/runner/cypress_runner.js:167415:23)\n    at Function.Promise.attempt.Promise.try (http://localhost:37443/__cypress/runner/cypress_runner.js:164690:29)\n    at tryFn (http://localhost:37443/__cypress/runner/cypress_runner.js:144661:21)\n    at whenStable (http://localhost:37443/__cypress/runner/cypress_runner.js:144696:12)\n    at http://localhost:37443/__cypress/runner/cypress_runner.js:144240:16\n    at tryCatcher (http://localhost:37443/__cypress/runner/cypress_runner.js:167415:23)\n    at Promise._settlePromiseFromHandler (http://localhost:37443/__cypress/runner/cypress_runner.js:165351:31)\n    at Promise._settlePromise (http://localhost:37443/__cypress/runner/cypress_runner.js:165408:18)\n    at Promise._settlePromise0 (http://localhost:37443/__cypress/runner/cypress_runner.js:165453:10)\n    at Promise._settlePromises (http://localhost:37443/__cypress/runner/cypress_runner.js:165532:18)\n    at Promise._fulfill (http://localhost:37443/__cypress/runner/cypress_runner.js:165477:18)",
                "diff": null
              },
              "uuid": "bae1cd42-3f16-47b2-a78c-8108c0126e42",
              "parentUUID": "0f7961ed-3a6e-4599-b63e-220fe9f8ce0c",
              "isHook": false,
              "skipped": false
            }
          ],
          "suites": [],
          "passes": [],
          "failures": [
            "f8f79885-eb74-4941-b2ba-82eed66c2cb2",
            "b8d04f02-354e-4b5d-b5f8-4e11d243373e",
            "bae1cd42-3f16-47b2-a78c-8108c0126e42"
          ],
          "pending": [],
          "skipped": [],
          "duration": 13840,
          "root": false,
          "rootEmpty": false,
          "_timeout": 2000
        },
        {
          "uuid": "c31af7c3-2299-463e-9db2-7add5c1be78a",
          "title": "9 - Crie um botão que, ao ser clicado, limpa o quadro preenchendo a cor de todos seus pixels com branco.",
          "fullFile": "",
          "file": "",
          "beforeHooks": [],
          "afterHooks": [],
          "tests": [
            {
              "title": "Verifica se o botão tem o `id` denominado `clear-board`",
              "fullTitle": "9 - Crie um botão que, ao ser clicado, limpa o quadro preenchendo a cor de todos seus pixels com branco. Verifica se o botão tem o `id` denominado `clear-board`",
              "timedOut": null,
              "duration": 4480,
              "state": "failed",
              "speed": null,
              "pass": false,
              "fail": true,
              "pending": false,
              "context": null,
              "code": "cy.get('#clear-board').should('be.visible');",
              "err": {
                "message": "CypressError: Timed out retrying: Expected to find element: '#clear-board', but never found it.",
                "estack": "CypressError: Timed out retrying: Expected to find element: '#clear-board', but never found it.\n    at cypressErr (http://localhost:37443/__cypress/runner/cypress_runner.js:149934:9)\n    at throwErr (http://localhost:37443/__cypress/runner/cypress_runner.js:149867:11)\n    at Object.throwErrByPath (http://localhost:37443/__cypress/runner/cypress_runner.js:149915:3)\n    at retry (http://localhost:37443/__cypress/runner/cypress_runner.js:144197:19)\n    at onFailFn (http://localhost:37443/__cypress/runner/cypress_runner.js:132448:16)\n    at tryCatcher (http://localhost:37443/__cypress/runner/cypress_runner.js:167415:23)\n    at Promise._settlePromiseFromHandler (http://localhost:37443/__cypress/runner/cypress_runner.js:165351:31)\n    at Promise._settlePromise (http://localhost:37443/__cypress/runner/cypress_runner.js:165408:18)\n    at Promise._settlePromise0 (http://localhost:37443/__cypress/runner/cypress_runner.js:165453:10)\n    at Promise._settlePromises (http://localhost:37443/__cypress/runner/cypress_runner.js:165528:18)\n    at Async../node_modules/bluebird/js/release/async.js.Async._drainQueue (http://localhost:37443/__cypress/runner/cypress_runner.js:162140:16)\n    at Async../node_modules/bluebird/js/release/async.js.Async._drainQueues (http://localhost:37443/__cypress/runner/cypress_runner.js:162150:10)\n    at Async.drainQueues (http://localhost:37443/__cypress/runner/cypress_runner.js:162024:14)",
                "diff": null
              },
              "uuid": "dd1d1bfe-5c61-405c-b175-3366df92095d",
              "parentUUID": "c31af7c3-2299-463e-9db2-7add5c1be78a",
              "isHook": false,
              "skipped": false
            },
            {
              "title": "Verifica se o botão está posicionado entre a paleta de cores e o quadro de pixels",
              "fullTitle": "9 - Crie um botão que, ao ser clicado, limpa o quadro preenchendo a cor de todos seus pixels com branco. Verifica se o botão está posicionado entre a paleta de cores e o quadro de pixels",
              "timedOut": null,
              "duration": 4560,
              "state": "failed",
              "speed": null,
              "pass": false,
              "fail": true,
              "pending": false,
              "context": null,
              "code": "cy.get('#color-palette').then(function (palette) {\n  cy.get('#clear-board').should('be.belowOf', palette);\n});\ncy.get('#clear-board').then(function (clearBtn) {\n  cy.get('#pixel-board').should('be.belowOf', clearBtn);\n});",
              "err": {
                "message": "CypressError: Timed out retrying: Expected to find element: '#clear-board', but never found it.",
                "estack": "CypressError: Timed out retrying: Expected to find element: '#clear-board', but never found it.\n    at cypressErr (http://localhost:37443/__cypress/runner/cypress_runner.js:149934:9)\n    at throwErr (http://localhost:37443/__cypress/runner/cypress_runner.js:149867:11)\n    at Object.throwErrByPath (http://localhost:37443/__cypress/runner/cypress_runner.js:149915:3)\n    at retry (http://localhost:37443/__cypress/runner/cypress_runner.js:144197:19)\n    at onFailFn (http://localhost:37443/__cypress/runner/cypress_runner.js:132448:16)\n    at tryCatcher (http://localhost:37443/__cypress/runner/cypress_runner.js:167415:23)\n    at Promise._settlePromiseFromHandler (http://localhost:37443/__cypress/runner/cypress_runner.js:165351:31)\n    at Promise._settlePromise (http://localhost:37443/__cypress/runner/cypress_runner.js:165408:18)\n    at Promise._settlePromise0 (http://localhost:37443/__cypress/runner/cypress_runner.js:165453:10)\n    at Promise._settlePromises (http://localhost:37443/__cypress/runner/cypress_runner.js:165528:18)\n    at Async../node_modules/bluebird/js/release/async.js.Async._drainQueue (http://localhost:37443/__cypress/runner/cypress_runner.js:162140:16)\n    at Async../node_modules/bluebird/js/release/async.js.Async._drainQueues (http://localhost:37443/__cypress/runner/cypress_runner.js:162150:10)\n    at Async.drainQueues (http://localhost:37443/__cypress/runner/cypress_runner.js:162024:14)",
                "diff": null
              },
              "uuid": "4287896d-7e3d-4507-848e-80fe6ca65171",
              "parentUUID": "c31af7c3-2299-463e-9db2-7add5c1be78a",
              "isHook": false,
              "skipped": false
            },
            {
              "title": "Verifica se o texto do botão é 'Limpar'",
              "fullTitle": "9 - Crie um botão que, ao ser clicado, limpa o quadro preenchendo a cor de todos seus pixels com branco. Verifica se o texto do botão é 'Limpar'",
              "timedOut": null,
              "duration": 4502,
              "state": "failed",
              "speed": null,
              "pass": false,
              "fail": true,
              "pending": false,
              "context": null,
              "code": "cy.get('#clear-board').should('contain.text', 'Limpar');",
              "err": {
                "message": "CypressError: Timed out retrying: Expected to find element: '#clear-board', but never found it.",
                "estack": "CypressError: Timed out retrying: Expected to find element: '#clear-board', but never found it.\n    at cypressErr (http://localhost:37443/__cypress/runner/cypress_runner.js:149934:9)\n    at throwErr (http://localhost:37443/__cypress/runner/cypress_runner.js:149867:11)\n    at Object.throwErrByPath (http://localhost:37443/__cypress/runner/cypress_runner.js:149915:3)\n    at retry (http://localhost:37443/__cypress/runner/cypress_runner.js:144197:19)\n    at onFailFn (http://localhost:37443/__cypress/runner/cypress_runner.js:132448:16)\n    at tryCatcher (http://localhost:37443/__cypress/runner/cypress_runner.js:167415:23)\n    at Promise._settlePromiseFromHandler (http://localhost:37443/__cypress/runner/cypress_runner.js:165351:31)\n    at Promise._settlePromise (http://localhost:37443/__cypress/runner/cypress_runner.js:165408:18)\n    at Promise._settlePromise0 (http://localhost:37443/__cypress/runner/cypress_runner.js:165453:10)\n    at Promise._settlePromises (http://localhost:37443/__cypress/runner/cypress_runner.js:165528:18)\n    at Async../node_modules/bluebird/js/release/async.js.Async._drainQueue (http://localhost:37443/__cypress/runner/cypress_runner.js:162140:16)\n    at Async../node_modules/bluebird/js/release/async.js.Async._drainQueues (http://localhost:37443/__cypress/runner/cypress_runner.js:162150:10)\n    at Async.drainQueues (http://localhost:37443/__cypress/runner/cypress_runner.js:162024:14)",
                "diff": null
              },
              "uuid": "8bed2579-8421-44bb-8cca-6b93ac5532e8",
              "parentUUID": "c31af7c3-2299-463e-9db2-7add5c1be78a",
              "isHook": false,
              "skipped": false
            },
            {
              "title": "Verifica se ao clicar no botão, o quadro de pixels é totalmente preenchido de branco",
              "fullTitle": "9 - Crie um botão que, ao ser clicado, limpa o quadro preenchendo a cor de todos seus pixels com branco. Verifica se ao clicar no botão, o quadro de pixels é totalmente preenchido de branco",
              "timedOut": null,
              "duration": 4691,
              "state": "failed",
              "speed": null,
              "pass": false,
              "fail": true,
              "pending": false,
              "context": null,
              "code": "cy.get('.color').eq(1).then(function (color) {\n  var backgroundColor = color.css('background-color');\n  cy.wrap(color).click();\n  cy.get('.pixel').each(function (pixel) {\n    cy.wrap(pixel).click().should('have.css', 'background-color', backgroundColor);\n  });\n});\ncy.get('#clear-board').click();\ncy.get('.pixel').each(function (pixel) {\n  cy.wrap(pixel).should('have.css', 'background-color', WHITE);\n});",
              "err": {
                "message": "CypressError: Timed out retrying: Expected to find element: '.pixel', but never found it.",
                "estack": "CypressError: Timed out retrying: Expected to find element: '.pixel', but never found it.\n    at cypressErr (http://localhost:37443/__cypress/runner/cypress_runner.js:149934:9)\n    at throwErr (http://localhost:37443/__cypress/runner/cypress_runner.js:149867:11)\n    at Object.throwErrByPath (http://localhost:37443/__cypress/runner/cypress_runner.js:149915:3)\n    at retry (http://localhost:37443/__cypress/runner/cypress_runner.js:144197:19)\n    at onFailFn (http://localhost:37443/__cypress/runner/cypress_runner.js:132448:16)\n    at tryCatcher (http://localhost:37443/__cypress/runner/cypress_runner.js:167415:23)\n    at Promise._settlePromiseFromHandler (http://localhost:37443/__cypress/runner/cypress_runner.js:165351:31)\n    at Promise._settlePromise (http://localhost:37443/__cypress/runner/cypress_runner.js:165408:18)\n    at Promise._settlePromise0 (http://localhost:37443/__cypress/runner/cypress_runner.js:165453:10)\n    at Promise._settlePromises (http://localhost:37443/__cypress/runner/cypress_runner.js:165528:18)\n    at Async../node_modules/bluebird/js/release/async.js.Async._drainQueue (http://localhost:37443/__cypress/runner/cypress_runner.js:162140:16)\n    at Async../node_modules/bluebird/js/release/async.js.Async._drainQueues (http://localhost:37443/__cypress/runner/cypress_runner.js:162150:10)\n    at Async.drainQueues (http://localhost:37443/__cypress/runner/cypress_runner.js:162024:14)",
                "diff": null
              },
              "uuid": "4a1e152f-ad51-4f49-bdc4-0ebdc50fefc4",
              "parentUUID": "c31af7c3-2299-463e-9db2-7add5c1be78a",
              "isHook": false,
              "skipped": false
            }
          ],
          "suites": [],
          "passes": [],
          "failures": [
            "dd1d1bfe-5c61-405c-b175-3366df92095d",
            "4287896d-7e3d-4507-848e-80fe6ca65171",
            "8bed2579-8421-44bb-8cca-6b93ac5532e8",
            "4a1e152f-ad51-4f49-bdc4-0ebdc50fefc4"
          ],
          "pending": [],
          "skipped": [],
          "duration": 18233,
          "root": false,
          "rootEmpty": false,
          "_timeout": 2000
        },
        {
          "uuid": "1f8511a1-1d97-4915-8c06-e40487a4b63c",
          "title": "10 - Faça o quadro de pixels ter seu tamanho definido pelo usuário.",
          "fullFile": "",
          "file": "",
          "beforeHooks": [],
          "afterHooks": [],
          "tests": [
            {
              "title": "Verifica se existe um input com o id `board-size`",
              "fullTitle": "10 - Faça o quadro de pixels ter seu tamanho definido pelo usuário. Verifica se existe um input com o id `board-size`",
              "timedOut": null,
              "duration": 4513,
              "state": "failed",
              "speed": null,
              "pass": false,
              "fail": true,
              "pending": false,
              "context": null,
              "code": "cy.get('#board-size').should('be.visible');",
              "err": {
                "message": "CypressError: Timed out retrying: Expected to find element: '#board-size', but never found it.",
                "estack": "CypressError: Timed out retrying: Expected to find element: '#board-size', but never found it.\n    at cypressErr (http://localhost:37443/__cypress/runner/cypress_runner.js:149934:9)\n    at throwErr (http://localhost:37443/__cypress/runner/cypress_runner.js:149867:11)\n    at Object.throwErrByPath (http://localhost:37443/__cypress/runner/cypress_runner.js:149915:3)\n    at retry (http://localhost:37443/__cypress/runner/cypress_runner.js:144197:19)\n    at onFailFn (http://localhost:37443/__cypress/runner/cypress_runner.js:132448:16)\n    at tryCatcher (http://localhost:37443/__cypress/runner/cypress_runner.js:167415:23)\n    at Promise._settlePromiseFromHandler (http://localhost:37443/__cypress/runner/cypress_runner.js:165351:31)\n    at Promise._settlePromise (http://localhost:37443/__cypress/runner/cypress_runner.js:165408:18)\n    at Promise._settlePromise0 (http://localhost:37443/__cypress/runner/cypress_runner.js:165453:10)\n    at Promise._settlePromises (http://localhost:37443/__cypress/runner/cypress_runner.js:165528:18)\n    at Async../node_modules/bluebird/js/release/async.js.Async._drainQueue (http://localhost:37443/__cypress/runner/cypress_runner.js:162140:16)\n    at Async../node_modules/bluebird/js/release/async.js.Async._drainQueues (http://localhost:37443/__cypress/runner/cypress_runner.js:162150:10)\n    at Async.drainQueues (http://localhost:37443/__cypress/runner/cypress_runner.js:162024:14)",
                "diff": null
              },
              "uuid": "12a24339-69b0-4ceb-9f2e-291bb43e25fc",
              "parentUUID": "1f8511a1-1d97-4915-8c06-e40487a4b63c",
              "isHook": false,
              "skipped": false
            },
            {
              "title": "Verifica se existe um botão com o id `generate-board`",
              "fullTitle": "10 - Faça o quadro de pixels ter seu tamanho definido pelo usuário. Verifica se existe um botão com o id `generate-board`",
              "timedOut": null,
              "duration": 4671,
              "state": "failed",
              "speed": null,
              "pass": false,
              "fail": true,
              "pending": false,
              "context": null,
              "code": "cy.get('#generate-board').should('be.visible');",
              "err": {
                "message": "CypressError: Timed out retrying: Expected to find element: '#generate-board', but never found it.",
[...]
                "diff": null
              },
              "uuid": "4a3ec5c3-0a4f-4442-99d4-cdd64e6e4433",
              "parentUUID": "1f8511a1-1d97-4915-8c06-e40487a4b63c",
              "isHook": false,
              "skipped": false
            },
            {
              "title": "Verifica se o novo quadro tem todos os pixels preenchidos com a cor branca",
              "fullTitle": "10 - Faça o quadro de pixels ter seu tamanho definido pelo usuário. Verifica se o novo quadro tem todos os pixels preenchidos com a cor branca",
              "timedOut": null,
              "duration": 4482,
              "state": "failed",
              "speed": null,
              "pass": false,
              "fail": true,
              "pending": false,
              "context": null,
              "code": "cy.get('#board-size').clear().type(6);\ncy.get('#generate-board').click();\ncy.get('.pixel').should('have.length', 36).each(function (pixel) {\n  expect(pixel).to.have.css('background-color', WHITE);\n});",
              "err": {
                "message": "CypressError: Timed out retrying: Expected to find element: '#board-size', but never found it.",
                "estack": "CypressError: Timed out retrying: Expected to find element: '#board-size', but never found it.\n    at cypressErr (http://localhost:37443/__cypress/runner/cypress_runner.js:149934:9)\n    at throwErr (http://localhost:37443/__cypress/runner/cypress_runner.js:149867:11)\n    at Object.throwErrByPath (http://localhost:37443/__cypress/runner/cypress_runner.js:149915:3)\n    at retry (http://localhost:37443/__cypress/runner/cypress_runner.js:144197:19)\n    at onFailFn (http://localhost:37443/__cypress/runner/cypress_runner.js:132448:16)\n    at tryCatcher (http://localhost:37443/__cypress/runner/cypress_runner.js:167415:23)\n    at Promise._settlePromiseFromHandler (http://localhost:37443/__cypress/runner/cypress_runner.js:165351:31)\n    at Promise._settlePromise (http://localhost:37443/__cypress/runner/cypress_runner.js:165408:18)\n    at Promise._settlePromise0 (http://localhost:37443/__cypress/runner/cypress_runner.js:165453:10)\n    at Promise._settlePromises (http://localhost:37443/__cypress/runner/cypress_runner.js:165528:18)\n    at Async../node_modules/bluebird/js/release/async.js.Async._drainQueue (http://localhost:37443/__cypress/runner/cypress_runner.js:162140:16)\n    at Async../node_modules/bluebird/js/release/async.js.Async._drainQueues (http://localhost:37443/__cypress/runner/cypress_runner.js:162150:10)\n    at Async.drainQueues (http://localhost:37443/__cypress/runner/cypress_runner.js:162024:14)",
                "diff": null
              },
              "uuid": "1d62fc15-0c2f-42ea-a9f8-29fbe51f92ee",
              "parentUUID": "1f8511a1-1d97-4915-8c06-e40487a4b63c",
              "isHook": false,
              "skipped": false
            }
          ],
          "suites": [],
          "passes": [],
          "failures": [
            "12a24339-69b0-4ceb-9f2e-291bb43e25fc",
            "69a2a820-0079-4874-bee3-f4ed2c216838",
            "65e38662-73df-48a8-a818-e0d44b88aac6",
            "83f57657-a618-4cdb-b03e-3ba931766195",
            "8843801a-38ee-47ca-bfe1-b096de25d450",
            "c45a6a95-82ac-4085-a534-346124b646ab",
            "03cf5e63-d90e-4fa8-80b7-fe9dafb85e4c",
            "4a3ec5c3-0a4f-4442-99d4-cdd64e6e4433",
            "1d62fc15-0c2f-42ea-a9f8-29fbe51f92ee"
          ],
          "pending": [],
          "skipped": [],
          "duration": 41307,
          "root": false,
          "rootEmpty": false,
          "_timeout": 2000
        },
        {
          "uuid": "1f1a4940-1cd7-433c-b2ea-5c701ebc1fe4",
          "title": "11 - Limite o tamanho mínimo e máximo do board.",
          "fullFile": "",
          "file": "",
          "beforeHooks": [],
          "afterHooks": [],
          "tests": [
            {
              "title": "Verifica se a altura máxima do board é 50",
              "fullTitle": "11 - Limite o tamanho mínimo e máximo do board. Verifica se a altura máxima do board é 50",
              "timedOut": null,
              "duration": 4538,
              "state": "failed",
              "speed": null,
              "pass": false,
              "fail": true,
              "pending": false,
              "context": null,
              "code": "cy.get('#board-size').clear().type(50);\ncy.get('#generate-board').click();\ncy.get('.pixel').should('have.length', 2500);",
              "err": {
                "message": "CypressError: Timed out retrying: Expected to find element: '#board-size', but never found it.",
                "estack": "CypressError: Timed out retrying: Expected to find element: '#board-size', but never found it.\n    at cypressErr (http://localhost:37443/__cypress/runner/cypress_runner.js:149934:9)\n    at throwErr (http://localhost:37443/__cypress/runner/cypress_runner.js:149867:11)\n    at Object.throwErrByPath (http://localhost:37443/__cypress/runner/cypress_runner.js:149915:3)\n    at retry (http://localhost:37443/__cypress/runner/cypress_runner.js:144197:19)\n    at onFailFn (http://localhost:37443/__cypress/runner/cypress_runner.js:132448:16)\n    at tryCatcher (http://localhost:37443/__cypress/runner/cypress_runner.js:167415:23)\n    at Promise._settlePromiseFromHandler (http://localhost:37443/__cypress/runner/cypress_runner.js:165351:31)\n    at Promise._settlePromise (http://localhost:37443/__cypress/runner/cypress_runner.js:165408:18)\n    at Promise._settlePromise0 (http://localhost:37443/__cypress/runner/cypress_runner.js:165453:10)\n    at Promise._settlePromises (http://localhost:37443/__cypress/runner/cypress_runner.js:165528:18)\n    at Async../node_modules/bluebird/js/release/async.js.Async._drainQueue (http://localhost:37443/__cypress/runner/cypress_runner.js:162140:16)\n    at Async../node_modules/bluebird/js/release/async.js.Async._drainQueues (http://localhost:37443/__cypress/runner/cypress_runner.js:162150:10)\n    at Async.drainQueues (http://localhost:37443/__cypress/runner/cypress_runner.js:162024:14)",
                "diff": null
              },
              "uuid": "00730a60-ff1d-45b3-9d8a-591e60a91173",
              "parentUUID": "1f1a4940-1cd7-433c-b2ea-5c701ebc1fe4",
              "isHook": false,
              "skipped": false
            },
            {
              "title": "Verifica se a altura do board é 5 quando um valor menor é colocado no input",
              "fullTitle": "11 - Limite o tamanho mínimo e máximo do board. Verifica se a altura do board é 5 quando um valor menor é colocado no input",
              "timedOut": null,
              "duration": 4583,
              "state": "failed",
              "speed": null,
              "pass": false,
              "fail": true,
              "pending": false,
              "context": null,
              "code": "cy.get('#board-size').clear().type(4);\ncy.get('#generate-board').click();\ncy.get('.pixel').should('have.length', 25);",
              "err": {
                "message": "CypressError: Timed out retrying: Expected to find element: '#board-size', but never found it.",
                "estack": "CypressError: Timed out retrying: Expected to find element: '#board-size', but never found it.\n    at cypressErr (http://localhost:37443/__cypress/runner/cypress_runner.js:149934:9)\n    at throwErr (http://localhost:37443/__cypress/runner/cypress_runner.js:149867:11)\n    at Object.throwErrByPath (http://localhost:37443/__cypress/runner/cypress_runner.js:149915:3)\n    at retry (http://localhost:37443/__cypress/runner/cypress_runner.js:144197:19)\n    at onFailFn (http://localhost:37443/__cypress/runner/cypress_runner.js:132448:16)\n    at tryCatcher (http://localhost:37443/__cypress/runner/cypress_runner.js:167415:23)\n    at Promise._settlePromiseFromHandler (http://localhost:37443/__cypress/runner/cypress_runner.js:165351:31)\n    at Promise._settlePromise (http://localhost:37443/__cypress/runner/cypress_runner.js:165408:18)\n    at Promise._settlePromise0 (http://localhost:37443/__cypress/runner/cypress_runner.js:165453:10)\n    at Promise._settlePromises (http://localhost:37443/__cypress/runner/cypress_runner.js:165528:18)\n    at Async../node_modules/bluebird/js/release/async.js.Async._drainQueue (http://localhost:37443/__cypress/runner/cypress_runner.js:162140:16)\n    at Async../node_modules/bluebird/js/release/async.js.Async._drainQueues (http://localhost:37443/__cypress/runner/cypress_runner.js:162150:10)\n    at Async.drainQueues (http://localhost:37443/__cypress/runner/cypress_runner.js:162024:14)",
                "diff": null
              },
              "uuid": "6acfe8f4-879a-42fb-b61f-29012e118c45",
              "parentUUID": "1f1a4940-1cd7-433c-b2ea-5c701ebc1fe4",
              "isHook": false,
              "skipped": false
            },
            {
              "title": "Verifica se a altura do board é 50 quando um valor maior é colocado no input",
              "fullTitle": "11 - Limite o tamanho mínimo e máximo do board. Verifica se a altura do board é 50 quando um valor maior é colocado no input",
              "timedOut": null,
              "duration": 4573,
              "state": "failed",
              "speed": null,
              "pass": false,
              "fail": true,
              "pending": false,
              "context": null,
              "code": "cy.get('#board-size').clear().type(51);\ncy.get('#generate-board').click();\ncy.get('.pixel').should('have.length', 2500);",
              "err": {
                "message": "CypressError: Timed out retrying: Expected to find element: '#board-size', but never found it.",
                "estack": "CypressError: Timed out retrying: Expected to find element: '#board-size', but never found it.\n    at cypressErr (http://localhost:37443/__cypress/runner/cypress_runner.js:149934:9)\n    at throwErr (http://localhost:37443/__cypress/runner/cypress_runner.js:149867:11)\n    at Object.throwErrByPath (http://localhost:37443/__cypress/runner/cypress_runner.js:149915:3)\n    at retry (http://localhost:37443/__cypress/runner/cypress_runner.js:144197:19)\n    at onFailFn (http://localhost:37443/__cypress/runner/cypress_runner.js:132448:16)\n    at tryCatcher (http://localhost:37443/__cypress/runner/cypress_runner.js:167415:23)\n    at Promise._settlePromiseFromHandler (http://localhost:37443/__cypress/runner/cypress_runner.js:165351:31)\n    at Promise._settlePromise (http://localhost:37443/__cypress/runner/cypress_runner.js:165408:18)\n    at Promise._settlePromise0 (http://localhost:37443/__cypress/runner/cypress_runner.js:165453:10)\n    at Promise._settlePromises (http://localhost:37443/__cypress/runner/cypress_runner.js:165528:18)\n    at Async../node_modules/bluebird/js/release/async.js.Async._drainQueue (http://localhost:37443/__cypress/runner/cypress_runner.js:162140:16)\n    at Async../node_modules/bluebird/js/release/async.js.Async._drainQueues (http://localhost:37443/__cypress/runner/cypress_runner.js:162150:10)\n    at Async.drainQueues (http://localhost:37443/__cypress/runner/cypress_runner.js:162024:14)",
                "diff": null
              },
              "uuid": "08eeeff5-2dac-4535-aec2-a140eaa90b38",
              "parentUUID": "1f1a4940-1cd7-433c-b2ea-5c701ebc1fe4",
              "isHook": false,
              "skipped": false
            }
          ],
          "suites": [],
          "passes": [],
          "failures": [
            "00730a60-ff1d-45b3-9d8a-591e60a91173",
            "6acfe8f4-879a-42fb-b61f-29012e118c45",
            "08eeeff5-2dac-4535-aec2-a140eaa90b38"
          ],
          "pending": [],
          "skipped": [],
          "duration": 13694,
          "root": false,
          "rootEmpty": false,
          "_timeout": 2000
        },
        {
          "uuid": "c84fe48a-a86f-438b-931c-9d31bab8fc91",
          "title": "12 - Faça com que as cores da paleta sejam geradas aleatoriamente ao carregar a página.",
          "fullFile": "",
          "file": "",
          "beforeHooks": [],
          "afterHooks": [],
          "tests": [
            {
              "title": "Verifica se as cores geradas na paleta são diferentes a cada carregamento da página",
              "fullTitle": "12 - Faça com que as cores da paleta sejam geradas aleatoriamente ao carregar a página. Verifica se as cores geradas na paleta são diferentes a cada carregamento da página",
              "timedOut": null,
              "duration": 736,
              "state": "failed",
              "speed": null,
              "pass": false,
              "fail": true,
              "pending": false,
              "context": null,
              "code": "cy.get('.color').then(function (colors) {\n  var currentColors;\n  var previousColors;\n  previousColors = Array.from(colors).map(function (color) {\n    return Cypress.$(color).css('background-color');\n  });\n  for (var i = 0; i < 5; i += 1) {\n    cy.reload();\n    cy.get('.color').then(function (colors) {\n      currentColors = Array.from(colors).map(function (color) {\n        return Cypress.$(color).css('background-color');\n      });\n      expect(currentColors).not.to.deep.equal(previousColors);\n      previousColors = currentColors;\n    });\n  }\n});",
              "err": {
                "message": "AssertionError: expected [ Array(35) ] to not deeply equal [ Array(35) ]",
                "estack": "AssertionError: expected [ Array(35) ] to not deeply equal [ Array(35) ]\n    at getRet (http://localhost:37443/__cypress/runner/cypress_runner.js:136585:16)\n    at tryCatcher (http://localhost:37443/__cypress/runner/cypress_runner.js:167415:23)\n    at Function.Promise.attempt.Promise.try (http://localhost:37443/__cypress/runner/cypress_runner.js:164690:29)\n    at Context.thenFn (http://localhost:37443/__cypress/runner/cypress_runner.js:136599:23)\n    at Context.then (http://localhost:37443/__cypress/runner/cypress_runner.js:136971:21)\n    at Context.<anonymous> (http://localhost:37443/__cypress/runner/cypress_runner.js:148875:21)\n    at http://localhost:37443/__cypress/runner/cypress_runner.js:148351:33\n    at tryCatcher (http://localhost:37443/__cypress/runner/cypress_runner.js:167415:23)\n    at Promise._settlePromiseFromHandler (http://localhost:37443/__cypress/runner/cypress_runner.js:165351:31)\n    at Promise._settlePromise (http://localhost:37443/__cypress/runner/cypress_runner.js:165408:18)\n    at Promise._settlePromiseCtx (http://localhost:37443/__cypress/runner/cypress_runner.js:165445:10)\n    at Async../node_modules/bluebird/js/release/async.js.Async._drainQueue (http://localhost:37443/__cypress/runner/cypress_runner.js:162145:12)\n    at Async../node_modules/bluebird/js/release/async.js.Async._drainQueues (http://localhost:37443/__cypress/runner/cypress_runner.js:162150:10)\n    at Async.drainQueues (http://localhost:37443/__cypress/runner/cypress_runner.js:162024:14)",
                "diff": ""
              },
              "uuid": "5e506b9f-15ee-4a1a-b6c5-ca20518ca623",
              "parentUUID": "c84fe48a-a86f-438b-931c-9d31bab8fc91",
              "isHook": false,
              "skipped": false
            },
            {
              "title": "Verifica se a cor preta ainda está presente e é a primeira na sua paleta de cores",
              "fullTitle": "12 - Faça com que as cores da paleta sejam geradas aleatoriamente ao carregar a página. Verifica se a cor preta ainda está presente e é a primeira na sua paleta de cores",
              "timedOut": null,
              "duration": 473,
              "state": "failed",
              "speed": null,
              "pass": false,
              "fail": true,
              "pending": false,
              "context": null,
              "code": "cy.get('.color').then(function (colors) {\n  var currentColors;\n  var previousColors;\n  previousColors = Array.from(colors).map(function (color) {\n    return Cypress.$(color).css('background-color');\n  });\n  expect(previousColors[0]).to.eq(BLACK);\n  for (var i = 0; i < 5; i += 1) {\n    cy.reload();\n    cy.get('.color').then(function (colors) {\n      currentColors = Array.from(colors).map(function (color) {\n        return Cypress.$(color).css('background-color');\n      });\n      expect(currentColors[0]).to.eq(BLACK);\n      expect(currentColors).not.to.deep.equal(previousColors);\n      previousColors = currentColors;\n    });\n  }\n});",
              "err": {
                "message": "AssertionError: expected 'rgba(0, 0, 0, 0)' to equal 'rgb(0, 0, 0)'",
                "estack": "AssertionError: expected 'rgba(0, 0, 0, 0)' to equal 'rgb(0, 0, 0)'\n    at getRet (http://localhost:37443/__cypress/runner/cypress_runner.js:136585:16)\n    at tryCatcher (http://localhost:37443/__cypress/runner/cypress_runner.js:167415:23)\n    at Function.Promise.attempt.Promise.try (http://localhost:37443/__cypress/runner/cypress_runner.js:164690:29)\n    at Context.thenFn (http://localhost:37443/__cypress/runner/cypress_runner.js:136599:23)\n    at Context.then (http://localhost:37443/__cypress/runner/cypress_runner.js:136971:21)\n    at Context.<anonymous> (http://localhost:37443/__cypress/runner/cypress_runner.js:148875:21)\n    at http://localhost:37443/__cypress/runner/cypress_runner.js:148351:33\n    at tryCatcher (http://localhost:37443/__cypress/runner/cypress_runner.js:167415:23)\n    at Promise._settlePromiseFromHandler (http://localhost:37443/__cypress/runner/cypress_runner.js:165351:31)\n    at Promise._settlePromise (http://localhost:37443/__cypress/runner/cypress_runner.js:165408:18)\n    at Promise._settlePromiseCtx (http://localhost:37443/__cypress/runner/cypress_runner.js:165445:10)\n    at Async../node_modules/bluebird/js/release/async.js.Async._drainQueue (http://localhost:37443/__cypress/runner/cypress_runner.js:162145:12)\n    at Async../node_modules/bluebird/js/release/async.js.Async._drainQueues (http://localhost:37443/__cypress/runner/cypress_runner.js:162150:10)\n    at Async.drainQueues (http://localhost:37443/__cypress/runner/cypress_runner.js:162024:14)",
                "diff": "- 'rgba(0, 0, 0, 0)'\n+ 'rgb(0, 0, 0)'\n"
              },
              "uuid": "30a7e6fc-50d5-48d0-a7a1-9d979d37e680",
              "parentUUID": "c84fe48a-a86f-438b-931c-9d31bab8fc91",
              "isHook": false,
              "skipped": false
            }
          ],
          "suites": [],
          "passes": [],
          "failures": [
            "5e506b9f-15ee-4a1a-b6c5-ca20518ca623",
            "30a7e6fc-50d5-48d0-a7a1-9d979d37e680"
          ],
          "pending": [],
          "skipped": [],
          "duration": 1209,
          "root": false,
          "rootEmpty": false,
          "_timeout": 2000
        }
      ],
      "passes": [],
      "failures": [],
      "pending": [],
      "skipped": [],
      "duration": 0,
      "root": true,
      "rootEmpty": true,
      "_timeout": 2000
    }
  ],
  "meta": {
    "mocha": {
      "version": "7.0.1"
    },
    "mochawesome": {
      "options": {
        "quiet": false,
        "reportFilename": "mochawesome",
        "saveHtml": false,
        "saveJson": true,
        "consoleReporter": "spec",
        "useInlineDiffs": false
      },
      "version": "4.1.0"
    },
    "marge": {
      "options": {
        "id": "default",
        "reportDir": "cypress/reports",
        "overwrite": true,
        "html": false,
        "json": true
      },
      "version": "4.1.0"
    }
  }
}